2025-06-20 12:27:09,405 - INFO - Start processing AT
2025-06-20 12:27:09,470 - INFO - AT: 202504010000 \u2192 202504020000
2025-06-20 12:27:09,855 - INFO - AT: No new data
2025-06-20 12:27:09,855 - INFO - AT: 202504020000 \u2192 202504030000
2025-06-20 12:27:10,214 - INFO - AT: No new data
2025-06-20 12:27:10,214 - INFO - AT: 202504030000 \u2192 202504040000
2025-06-20 12:27:10,564 - INFO - AT: No new data
2025-06-20 12:27:10,564 - INFO - AT: 202504040000 \u2192 202504050000
2025-06-20 12:27:10,934 - INFO - AT: No new data
2025-06-20 12:27:10,934 - INFO - AT: 202504050000 \u2192 202504060000
2025-06-20 12:27:11,264 - INFO - AT: No new data
2025-06-20 12:27:11,264 - INFO - AT: 202504060000 \u2192 202504070000
2025-06-20 12:27:11,593 - INFO - AT: No new data
2025-06-20 12:27:11,593 - INFO - AT: 202504070000 \u2192 202504080000
2025-06-20 12:27:11,924 - INFO - AT: No new data
2025-06-20 12:27:11,924 - INFO - AT: 202504080000 \u2192 202504090000
2025-06-20 12:27:12,253 - INFO - AT: No new data
2025-06-20 12:27:12,253 - INFO - AT: 202504090000 \u2192 202504100000
2025-06-20 12:27:12,583 - INFO - AT: No new data
2025-06-20 12:27:12,583 - INFO - AT: 202504100000 \u2192 202504110000
2025-06-20 12:27:12,922 - INFO - AT: No new data
2025-06-20 12:27:12,948 - INFO - AT: 202504110000 \u2192 202504120000
2025-06-20 12:27:13,280 - INFO - AT: No new data
2025-06-20 12:27:13,280 - INFO - AT: 202504120000 \u2192 202504130000
2025-06-20 12:27:13,724 - INFO - AT: No new data
2025-06-20 12:27:13,724 - INFO - AT: 202504130000 \u2192 202504140000
2025-06-20 12:27:14,061 - INFO - AT: No new data
2025-06-20 12:27:14,061 - INFO - AT: 202504140000 \u2192 202504150000
2025-06-20 12:27:14,409 - INFO - AT: No new data
2025-06-20 12:27:14,409 - INFO - AT: 202504150000 \u2192 202504160000
2025-06-20 12:27:14,765 - INFO - AT: No new data
2025-06-20 12:27:14,765 - INFO - AT: 202504160000 \u2192 202504170000
2025-06-20 12:27:15,126 - INFO - AT: No new data
2025-06-20 12:27:15,126 - INFO - AT: 202504170000 \u2192 202504180000
2025-06-20 12:27:15,460 - INFO - AT: No new data
2025-06-20 12:27:15,461 - INFO - AT: 202504180000 \u2192 202504190000
2025-06-20 12:27:15,955 - INFO - AT: No new data
2025-06-20 12:27:15,955 - INFO - AT: 202504190000 \u2192 202504200000
2025-06-20 12:27:16,312 - INFO - AT: No new data
2025-06-20 12:27:16,313 - INFO - AT: 202504200000 \u2192 202504210000
2025-06-20 12:27:16,668 - INFO - AT: No new data
2025-06-20 12:27:16,668 - INFO - AT: 202504210000 \u2192 202504220000
2025-06-20 12:27:17,009 - INFO - AT: No new data
2025-06-20 12:27:17,009 - INFO - AT: 202504220000 \u2192 202504230000
2025-06-20 12:27:17,375 - INFO - AT: No new data
2025-06-20 12:27:17,375 - INFO - AT: 202504230000 \u2192 202504240000
2025-06-20 12:27:17,725 - INFO - AT: No new data
2025-06-20 12:27:17,725 - INFO - AT: 202504240000 \u2192 202504250000
2025-06-20 12:27:18,065 - INFO - AT: No new data
2025-06-20 12:27:18,065 - INFO - AT: 202504250000 \u2192 202504260000
2025-06-20 12:27:18,983 - INFO - AT: No new data
2025-06-20 12:27:18,984 - INFO - AT: 202504260000 \u2192 202504270000
2025-06-20 12:27:19,392 - INFO - AT: No new data
2025-06-20 12:27:19,392 - INFO - AT: 202504270000 \u2192 202504280000
2025-06-20 12:27:19,760 - INFO - AT: No new data
2025-06-20 12:27:19,761 - INFO - AT: 202504280000 \u2192 202504290000
2025-06-20 12:27:20,103 - INFO - AT: No new data
2025-06-20 12:27:20,103 - INFO - AT: 202504290000 \u2192 202504300000
2025-06-20 12:27:20,467 - INFO - AT: No new data
2025-06-20 12:27:20,467 - INFO - AT: 202504300000 \u2192 202505010000
2025-06-20 12:27:20,823 - INFO - AT: No new data
2025-06-20 12:27:20,823 - INFO - AT: 202505010000 \u2192 202505020000
2025-06-20 12:27:21,174 - INFO - AT: No new data
2025-06-20 12:27:21,174 - INFO - AT: 202505020000 \u2192 202505030000
2025-06-20 12:27:21,521 - INFO - AT: No new data
2025-06-20 12:27:21,521 - INFO - AT: 202505030000 \u2192 202505040000
2025-06-20 12:27:21,873 - INFO - AT: No new data
2025-06-20 12:27:21,873 - INFO - AT: 202505040000 \u2192 202505050000
2025-06-20 12:27:22,209 - INFO - AT: No new data
2025-06-20 12:27:22,209 - INFO - AT: 202505050000 \u2192 202505060000
2025-06-20 12:27:22,791 - INFO - AT: No new data
2025-06-20 12:27:22,791 - INFO - AT: 202505060000 \u2192 202505070000
2025-06-20 12:27:23,125 - INFO - AT: No new data
2025-06-20 12:27:23,125 - INFO - AT: 202505070000 \u2192 202505080000
2025-06-20 12:27:23,579 - INFO - AT: No new data
2025-06-20 12:27:23,579 - INFO - AT: 202505080000 \u2192 202505090000
2025-06-20 12:27:23,950 - INFO - AT: No new data
2025-06-20 12:27:23,950 - INFO - AT: 202505090000 \u2192 202505100000
2025-06-20 12:27:24,294 - INFO - AT: No new data
2025-06-20 12:27:24,294 - INFO - AT: 202505100000 \u2192 202505110000
2025-06-20 12:27:24,649 - INFO - AT: No new data
2025-06-20 12:27:24,649 - INFO - AT: 202505110000 \u2192 202505120000
2025-06-20 12:27:25,006 - INFO - AT: No new data
2025-06-20 12:27:25,006 - INFO - AT: 202505120000 \u2192 202505130000
2025-06-20 12:27:25,367 - INFO - AT: No new data
2025-06-20 12:27:25,367 - INFO - AT: 202505130000 \u2192 202505140000
2025-06-20 12:27:25,694 - INFO - AT: No new data
2025-06-20 12:27:25,694 - INFO - AT: 202505140000 \u2192 202505150000
2025-06-20 12:27:26,044 - INFO - AT: No new data
2025-06-20 12:27:26,044 - INFO - AT: 202505150000 \u2192 202505160000
2025-06-20 12:27:26,381 - INFO - AT: No new data
2025-06-20 12:27:26,382 - INFO - AT: 202505160000 \u2192 202505170000
2025-06-20 12:27:26,725 - INFO - AT: No new data
2025-06-20 12:27:26,726 - INFO - AT: 202505170000 \u2192 202505180000
2025-06-20 12:27:27,070 - INFO - AT: No new data
2025-06-20 12:27:27,070 - INFO - AT: 202505180000 \u2192 202505190000
2025-06-20 12:27:27,393 - INFO - AT: No new data
2025-06-20 12:27:27,393 - INFO - AT: 202505190000 \u2192 202505200000
2025-06-20 12:27:27,718 - INFO - AT: No new data
2025-06-20 12:27:27,719 - INFO - AT: 202505200000 \u2192 202505210000
2025-06-20 12:27:28,069 - INFO - AT: No new data
2025-06-20 12:27:28,069 - INFO - AT: 202505210000 \u2192 202505220000
2025-06-20 12:27:28,488 - INFO - AT: No new data
2025-06-20 12:27:28,488 - INFO - AT: 202505220000 \u2192 202505230000
2025-06-20 12:27:28,877 - INFO - AT: No new data
2025-06-20 12:27:28,877 - INFO - AT: 202505230000 \u2192 202505240000
2025-06-20 12:27:29,218 - INFO - AT: No new data
2025-06-20 12:27:29,218 - INFO - AT: 202505240000 \u2192 202505250000
2025-06-20 12:27:29,610 - INFO - AT: No new data
2025-06-20 12:27:29,610 - INFO - AT: 202505250000 \u2192 202505260000
2025-06-20 12:27:29,996 - INFO - AT: No new data
2025-06-20 12:27:29,996 - INFO - AT: 202505260000 \u2192 202505270000
2025-06-20 12:27:30,353 - INFO - AT: No new data
2025-06-20 12:27:30,353 - INFO - AT: 202505270000 \u2192 202505280000
2025-06-20 12:27:30,730 - INFO - AT: No new data
2025-06-20 12:27:30,730 - INFO - AT: 202505280000 \u2192 202505290000
2025-06-20 12:27:31,094 - INFO - AT: No new data
2025-06-20 12:27:31,094 - INFO - AT: 202505290000 \u2192 202505300000
2025-06-20 12:27:31,449 - INFO - AT: No new data
2025-06-20 12:27:31,449 - INFO - AT: 202505300000 \u2192 202505310000
2025-06-20 12:27:31,792 - INFO - AT: No new data
2025-06-20 12:27:31,793 - INFO - AT: 202505310000 \u2192 202506010000
2025-06-20 12:27:32,122 - INFO - AT: No new data
2025-06-20 12:27:32,123 - INFO - AT: 202506010000 \u2192 202506020000
2025-06-20 12:27:34,531 - INFO - AT: Inserted 96 records
2025-06-20 12:27:34,531 - INFO - AT: 202506020000 \u2192 202506030000
2025-06-20 12:27:36,440 - INFO - AT: Inserted 96 records
2025-06-20 12:27:36,440 - INFO - AT: 202506030000 \u2192 202506040000
2025-06-20 12:27:38,377 - INFO - AT: Inserted 96 records
2025-06-20 12:27:38,377 - INFO - AT: 202506040000 \u2192 202506050000
2025-06-20 12:27:40,276 - INFO - AT: Inserted 96 records
2025-06-20 12:27:40,276 - INFO - AT: 202506050000 \u2192 202506060000
2025-06-20 12:27:42,253 - INFO - AT: Inserted 96 records
2025-06-20 12:27:42,254 - INFO - AT: 202506060000 \u2192 202506070000
2025-06-20 12:27:43,966 - INFO - AT: Inserted 96 records
2025-06-20 12:27:43,966 - INFO - AT: 202506070000 \u2192 202506080000
2025-06-20 12:27:46,167 - INFO - AT: Inserted 96 records
2025-06-20 12:27:46,167 - INFO - AT: 202506080000 \u2192 202506090000
2025-06-20 12:27:48,092 - INFO - AT: Inserted 96 records
2025-06-20 12:27:48,093 - INFO - AT: 202506090000 \u2192 202506100000
2025-06-20 12:27:50,099 - INFO - AT: Inserted 96 records
2025-06-20 12:27:50,099 - INFO - AT: 202506100000 \u2192 202506110000
2025-06-20 12:27:52,013 - INFO - AT: Inserted 96 records
2025-06-20 12:27:52,013 - INFO - AT: 202506110000 \u2192 202506120000
2025-06-20 12:27:53,923 - INFO - AT: Inserted 96 records
2025-06-20 12:27:53,924 - INFO - AT: 202506120000 \u2192 202506130000
2025-06-20 12:27:55,949 - INFO - AT: Inserted 96 records
2025-06-20 12:27:55,949 - INFO - AT: 202506130000 \u2192 202506140000
2025-06-20 12:27:57,824 - INFO - AT: Inserted 96 records
2025-06-20 12:27:57,824 - INFO - AT: 202506140000 \u2192 202506150000
2025-06-20 12:27:59,846 - INFO - AT: Inserted 96 records
2025-06-20 12:27:59,847 - INFO - AT: 202506150000 \u2192 202506160000
2025-06-20 12:28:01,979 - INFO - AT: Inserted 96 records
2025-06-20 12:28:01,979 - INFO - AT: 202506160000 \u2192 202506170000
2025-06-20 12:28:04,163 - INFO - AT: Inserted 96 records
2025-06-20 12:28:04,163 - INFO - AT: 202506170000 \u2192 202506180000
2025-06-20 12:28:06,070 - INFO - AT: Inserted 96 records
2025-06-20 12:28:06,070 - INFO - AT: 202506180000 \u2192 202506190000
2025-06-20 12:28:07,891 - INFO - AT: Inserted 96 records
2025-06-20 12:28:07,892 - INFO - AT: 202506190000 \u2192 202506200000
2025-06-20 12:28:09,724 - INFO - AT: Inserted 96 records
2025-06-20 12:28:09,724 - INFO - AT: 202506200000 \u2192 202506201027
2025-06-20 12:28:09,836 - WARNING - [GEN] HTTP 400: <?xml version="1.0" encoding="UTF-8"?>
<Acknowledgement_MarketDocument
	xmlns="urn:iec62325.351:tc57wg16:451-1:acknowledgementdocument:7:0">
	<mRID>1127691c-a76c-4</mRID>
	<createdDateTime>2025-06-20T10:28:06Z</createdDateTime>

	<sender_MarketParticipant.mRID codingScheme="A01">10X1001A1001A450</se
2025-06-20 12:28:10,018 - INFO - AT: No new data
2025-06-20 12:28:10,019 - INFO - Start processing BE
2025-06-20 12:28:10,031 - INFO - BE: 202504010000 \u2192 202504020000
2025-06-20 12:28:10,368 - INFO - BE: No new data
2025-06-20 12:28:10,368 - INFO - BE: 202504020000 \u2192 202504030000
2025-06-20 12:28:10,691 - INFO - BE: No new data
2025-06-20 12:28:10,691 - INFO - BE: 202504030000 \u2192 202504040000
2025-06-20 12:28:11,008 - INFO - BE: No new data
2025-06-20 12:28:11,008 - INFO - BE: 202504040000 \u2192 202504050000
2025-06-20 12:28:11,318 - INFO - BE: No new data
2025-06-20 12:28:11,318 - INFO - BE: 202504050000 \u2192 202504060000
2025-06-20 12:28:11,621 - INFO - BE: No new data
2025-06-20 12:28:11,621 - INFO - BE: 202504060000 \u2192 202504070000
2025-06-20 12:28:11,923 - INFO - BE: No new data
2025-06-20 12:28:11,923 - INFO - BE: 202504070000 \u2192 202504080000
2025-06-20 12:28:12,212 - INFO - BE: No new data
2025-06-20 12:28:12,212 - INFO - BE: 202504080000 \u2192 202504090000
2025-06-20 12:28:12,514 - INFO - BE: No new data
2025-06-20 12:28:12,514 - INFO - BE: 202504090000 \u2192 202504100000
2025-06-20 12:28:12,823 - INFO - BE: No new data
2025-06-20 12:28:12,823 - INFO - BE: 202504100000 \u2192 202504110000
2025-06-20 12:28:13,119 - INFO - BE: No new data
2025-06-20 12:28:13,119 - INFO - BE: 202504110000 \u2192 202504120000
2025-06-20 12:28:13,427 - INFO - BE: No new data
2025-06-20 12:28:13,427 - INFO - BE: 202504120000 \u2192 202504130000
2025-06-20 12:28:13,742 - INFO - BE: No new data
2025-06-20 12:28:13,743 - INFO - BE: 202504130000 \u2192 202504140000
2025-06-20 12:28:14,129 - INFO - BE: No new data
2025-06-20 12:28:14,130 - INFO - BE: 202504140000 \u2192 202504150000
2025-06-20 12:28:14,425 - INFO - BE: No new data
2025-06-20 12:28:14,425 - INFO - BE: 202504150000 \u2192 202504160000
2025-06-20 12:28:14,724 - INFO - BE: No new data
2025-06-20 12:28:14,725 - INFO - BE: 202504160000 \u2192 202504170000
2025-06-20 12:28:15,025 - INFO - BE: No new data
2025-06-20 12:28:15,025 - INFO - BE: 202504170000 \u2192 202504180000
2025-06-20 12:28:15,325 - INFO - BE: No new data
2025-06-20 12:28:15,325 - INFO - BE: 202504180000 \u2192 202504190000
2025-06-20 12:28:15,654 - INFO - BE: No new data
2025-06-20 12:28:15,654 - INFO - BE: 202504190000 \u2192 202504200000
2025-06-20 12:28:15,953 - INFO - BE: No new data
2025-06-20 12:28:15,954 - INFO - BE: 202504200000 \u2192 202504210000
2025-06-20 12:28:16,260 - INFO - BE: No new data
2025-06-20 12:28:16,261 - INFO - BE: 202504210000 \u2192 202504220000
2025-06-20 12:28:16,550 - INFO - BE: No new data
2025-06-20 12:28:16,550 - INFO - BE: 202504220000 \u2192 202504230000
2025-06-20 12:28:16,857 - INFO - BE: No new data
2025-06-20 12:28:16,857 - INFO - BE: 202504230000 \u2192 202504240000
2025-06-20 12:28:17,225 - INFO - BE: No new data
2025-06-20 12:28:17,225 - INFO - BE: 202504240000 \u2192 202504250000
2025-06-20 12:28:17,550 - INFO - BE: No new data
2025-06-20 12:28:17,550 - INFO - BE: 202504250000 \u2192 202504260000
2025-06-20 12:28:17,855 - INFO - BE: No new data
2025-06-20 12:28:17,856 - INFO - BE: 202504260000 \u2192 202504270000
2025-06-20 12:28:18,151 - INFO - BE: No new data
2025-06-20 12:28:18,151 - INFO - BE: 202504270000 \u2192 202504280000
2025-06-20 12:28:18,441 - INFO - BE: No new data
2025-06-20 12:28:18,441 - INFO - BE: 202504280000 \u2192 202504290000
2025-06-20 12:28:18,730 - INFO - BE: No new data
2025-06-20 12:28:18,730 - INFO - BE: 202504290000 \u2192 202504300000
2025-06-20 12:28:19,044 - INFO - BE: No new data
2025-06-20 12:28:19,045 - INFO - BE: 202504300000 \u2192 202505010000
2025-06-20 12:28:19,338 - INFO - BE: No new data
2025-06-20 12:28:19,338 - INFO - BE: 202505010000 \u2192 202505020000
2025-06-20 12:28:19,650 - INFO - BE: No new data
2025-06-20 12:28:19,651 - INFO - BE: 202505020000 \u2192 202505030000
2025-06-20 12:28:19,974 - INFO - BE: No new data
2025-06-20 12:28:19,975 - INFO - BE: 202505030000 \u2192 202505040000
2025-06-20 12:28:20,272 - INFO - BE: No new data
2025-06-20 12:28:20,272 - INFO - BE: 202505040000 \u2192 202505050000
2025-06-20 12:28:20,588 - INFO - BE: No new data
2025-06-20 12:28:20,588 - INFO - BE: 202505050000 \u2192 202505060000
2025-06-20 12:28:20,906 - INFO - BE: No new data
2025-06-20 12:28:20,907 - INFO - BE: 202505060000 \u2192 202505070000
2025-06-20 12:28:21,222 - INFO - BE: No new data
2025-06-20 12:28:21,223 - INFO - BE: 202505070000 \u2192 202505080000
2025-06-20 12:28:21,513 - INFO - BE: No new data
2025-06-20 12:28:21,513 - INFO - BE: 202505080000 \u2192 202505090000
2025-06-20 12:28:21,824 - INFO - BE: No new data
2025-06-20 12:28:21,824 - INFO - BE: 202505090000 \u2192 202505100000
2025-06-20 12:28:22,124 - INFO - BE: No new data
2025-06-20 12:28:22,124 - INFO - BE: 202505100000 \u2192 202505110000
2025-06-20 12:28:22,442 - INFO - BE: No new data
2025-06-20 12:28:22,442 - INFO - BE: 202505110000 \u2192 202505120000
2025-06-20 12:28:22,744 - INFO - BE: No new data
2025-06-20 12:28:22,744 - INFO - BE: 202505120000 \u2192 202505130000
2025-06-20 12:28:23,062 - INFO - BE: No new data
2025-06-20 12:28:23,062 - INFO - BE: 202505130000 \u2192 202505140000
2025-06-20 12:28:23,386 - INFO - BE: No new data
2025-06-20 12:28:23,386 - INFO - BE: 202505140000 \u2192 202505150000
2025-06-20 12:28:23,722 - INFO - BE: No new data
2025-06-20 12:28:23,723 - INFO - BE: 202505150000 \u2192 202505160000
2025-06-20 12:28:24,025 - INFO - BE: No new data
2025-06-20 12:28:24,025 - INFO - BE: 202505160000 \u2192 202505170000
2025-06-20 12:28:24,329 - INFO - BE: No new data
2025-06-20 12:28:24,329 - INFO - BE: 202505170000 \u2192 202505180000
2025-06-20 12:28:24,626 - INFO - BE: No new data
2025-06-20 12:28:24,627 - INFO - BE: 202505180000 \u2192 202505190000
2025-06-20 12:28:24,945 - INFO - BE: No new data
2025-06-20 12:28:24,945 - INFO - BE: 202505190000 \u2192 202505200000
2025-06-20 12:28:25,242 - INFO - BE: No new data
2025-06-20 12:28:25,242 - INFO - BE: 202505200000 \u2192 202505210000
2025-06-20 12:28:25,562 - INFO - BE: No new data
2025-06-20 12:28:25,562 - INFO - BE: 202505210000 \u2192 202505220000
2025-06-20 12:28:25,857 - INFO - BE: No new data
2025-06-20 12:28:25,857 - INFO - BE: 202505220000 \u2192 202505230000
2025-06-20 12:28:26,147 - INFO - BE: No new data
2025-06-20 12:28:26,148 - INFO - BE: 202505230000 \u2192 202505240000
2025-06-20 12:28:26,441 - INFO - BE: No new data
2025-06-20 12:28:26,441 - INFO - BE: 202505240000 \u2192 202505250000
2025-06-20 12:28:26,746 - INFO - BE: No new data
2025-06-20 12:28:26,747 - INFO - BE: 202505250000 \u2192 202505260000
2025-06-20 12:28:27,034 - INFO - BE: No new data
2025-06-20 12:28:27,034 - INFO - BE: 202505260000 \u2192 202505270000
2025-06-20 12:28:27,321 - INFO - BE: No new data
2025-06-20 12:28:27,321 - INFO - BE: 202505270000 \u2192 202505280000
2025-06-20 12:28:27,629 - INFO - BE: No new data
2025-06-20 12:28:27,629 - INFO - BE: 202505280000 \u2192 202505290000
2025-06-20 12:28:27,950 - INFO - BE: No new data
2025-06-20 12:28:27,950 - INFO - BE: 202505290000 \u2192 202505300000
2025-06-20 12:28:28,237 - INFO - BE: No new data
2025-06-20 12:28:28,237 - INFO - BE: 202505300000 \u2192 202505310000
2025-06-20 12:28:28,522 - INFO - BE: No new data
2025-06-20 12:28:28,522 - INFO - BE: 202505310000 \u2192 202506010000
2025-06-20 12:28:28,818 - INFO - BE: No new data
2025-06-20 12:28:28,819 - INFO - BE: 202506010000 \u2192 202506020000
2025-06-20 12:28:29,405 - INFO - BE: Inserted 24 records
2025-06-20 12:28:29,405 - INFO - BE: 202506020000 \u2192 202506030000
2025-06-20 12:28:30,004 - INFO - BE: Inserted 24 records
2025-06-20 12:28:30,004 - INFO - BE: 202506030000 \u2192 202506040000
2025-06-20 12:28:30,669 - INFO - BE: Inserted 24 records
2025-06-20 12:28:30,669 - INFO - BE: 202506040000 \u2192 202506050000
2025-06-20 12:28:31,327 - INFO - BE: Inserted 24 records
2025-06-20 12:28:31,328 - INFO - BE: 202506050000 \u2192 202506060000
2025-06-20 12:28:31,975 - INFO - BE: Inserted 24 records
2025-06-20 12:28:31,975 - INFO - BE: 202506060000 \u2192 202506070000
2025-06-20 12:28:32,600 - INFO - BE: Inserted 24 records
2025-06-20 12:28:32,601 - INFO - BE: 202506070000 \u2192 202506080000
2025-06-20 12:28:33,212 - INFO - BE: Inserted 24 records
2025-06-20 12:28:33,212 - INFO - BE: 202506080000 \u2192 202506090000
2025-06-20 12:28:33,815 - INFO - BE: Inserted 24 records
2025-06-20 12:28:33,815 - INFO - BE: 202506090000 \u2192 202506100000
2025-06-20 12:28:34,490 - INFO - BE: Inserted 24 records
2025-06-20 12:28:34,490 - INFO - BE: 202506100000 \u2192 202506110000
2025-06-20 12:28:35,071 - INFO - BE: Inserted 24 records
2025-06-20 12:28:35,071 - INFO - BE: 202506110000 \u2192 202506120000
2025-06-20 12:28:35,673 - INFO - BE: Inserted 24 records
2025-06-20 12:28:35,673 - INFO - BE: 202506120000 \u2192 202506130000
2025-06-20 12:28:36,254 - INFO - BE: Inserted 24 records
2025-06-20 12:28:36,254 - INFO - BE: 202506130000 \u2192 202506140000
2025-06-20 12:28:36,873 - INFO - BE: Inserted 24 records
2025-06-20 12:28:36,874 - INFO - BE: 202506140000 \u2192 202506150000
2025-06-20 12:28:37,494 - INFO - BE: Inserted 24 records
2025-06-20 12:28:37,495 - INFO - BE: 202506150000 \u2192 202506160000
2025-06-20 12:28:38,120 - INFO - BE: Inserted 24 records
2025-06-20 12:28:38,120 - INFO - BE: 202506160000 \u2192 202506170000
2025-06-20 12:28:38,819 - INFO - BE: Inserted 24 records
2025-06-20 12:28:38,819 - INFO - BE: 202506170000 \u2192 202506180000
2025-06-20 12:28:39,423 - INFO - BE: Inserted 24 records
2025-06-20 12:28:39,424 - INFO - BE: 202506180000 \u2192 202506190000
2025-06-20 12:28:40,020 - INFO - BE: Inserted 24 records
2025-06-20 12:28:40,021 - INFO - BE: 202506190000 \u2192 202506200000
2025-06-20 12:28:40,619 - INFO - BE: Inserted 24 records
2025-06-20 12:28:40,619 - INFO - BE: 202506200000 \u2192 202506201027
2025-06-20 12:28:40,721 - WARNING - [GEN] HTTP 400: <?xml version="1.0" encoding="UTF-8"?>
<Acknowledgement_MarketDocument
	xmlns="urn:iec62325.351:tc57wg16:451-1:acknowledgementdocument:7:0">
	<mRID>92fcef77-4f8d-4</mRID>
	<createdDateTime>2025-06-20T10:28:37Z</createdDateTime>

	<sender_MarketParticipant.mRID codingScheme="A01">10X1001A1001A450</se
2025-06-20 12:28:40,888 - INFO - BE: No new data
