2025-06-20 12:37:32,390 - INFO - Start processing AT
2025-06-20 12:37:32,391 - INFO - AT: 202506010000 \u2192 202506020000
2025-06-20 12:37:32,788 - INFO - Stored AT 2025-06-01
2025-06-20 12:37:32,788 - INFO - AT: 202506020000 \u2192 202506030000
2025-06-20 12:37:33,125 - INFO - Stored AT 2025-06-02
2025-06-20 12:37:33,125 - INFO - AT: 202506030000 \u2192 202506040000
2025-06-20 12:37:33,464 - INFO - Stored AT 2025-06-03
2025-06-20 12:37:33,464 - INFO - AT: 202506040000 \u2192 202506050000
2025-06-20 12:37:33,806 - INFO - Stored AT 2025-06-04
2025-06-20 12:37:33,806 - INFO - AT: 202506050000 \u2192 202506060000
2025-06-20 12:37:34,342 - INFO - Stored AT 2025-06-05
2025-06-20 12:37:34,343 - INFO - AT: 202506060000 \u2192 202506070000
2025-06-20 12:37:34,698 - INFO - Stored AT 2025-06-06
2025-06-20 12:37:34,698 - INFO - AT: 202506070000 \u2192 202506080000
2025-06-20 12:37:35,031 - INFO - Stored AT 2025-06-07
2025-06-20 12:37:35,031 - INFO - AT: 202506080000 \u2192 202506090000
2025-06-20 12:37:35,375 - INFO - Stored AT 2025-06-08
2025-06-20 12:37:35,375 - INFO - AT: 202506090000 \u2192 202506100000
2025-06-20 12:37:35,701 - INFO - Stored AT 2025-06-09
2025-06-20 12:37:35,701 - INFO - AT: 202506100000 \u2192 202506110000
2025-06-20 12:37:36,029 - INFO - Stored AT 2025-06-10
2025-06-20 12:37:36,030 - INFO - AT: 202506110000 \u2192 202506120000
2025-06-20 12:37:36,372 - INFO - Stored AT 2025-06-11
2025-06-20 12:37:36,372 - INFO - AT: 202506120000 \u2192 202506130000
2025-06-20 12:37:36,704 - INFO - Stored AT 2025-06-12
2025-06-20 12:37:36,704 - INFO - AT: 202506130000 \u2192 202506140000
2025-06-20 12:37:37,045 - INFO - Stored AT 2025-06-13
2025-06-20 12:37:37,045 - INFO - AT: 202506140000 \u2192 202506150000
2025-06-20 12:37:37,370 - INFO - Stored AT 2025-06-14
2025-06-20 12:37:37,370 - INFO - AT: 202506150000 \u2192 202506160000
2025-06-20 12:37:37,730 - INFO - Stored AT 2025-06-15
2025-06-20 12:37:37,730 - INFO - AT: 202506160000 \u2192 202506170000
2025-06-20 12:37:38,054 - INFO - Stored AT 2025-06-16
2025-06-20 12:37:38,055 - INFO - AT: 202506170000 \u2192 202506180000
2025-06-20 12:37:38,404 - INFO - Stored AT 2025-06-17
2025-06-20 12:37:38,404 - INFO - AT: 202506180000 \u2192 202506190000
2025-06-20 12:37:38,758 - INFO - Stored AT 2025-06-18
2025-06-20 12:37:38,758 - INFO - AT: 202506190000 \u2192 202506200000
2025-06-20 12:37:39,162 - INFO - Stored AT 2025-06-19
2025-06-20 12:37:39,162 - INFO - AT: 202506200000 \u2192 202506201037
2025-06-20 12:37:39,269 - WARNING - [GEN] HTTP 400: <?xml version="1.0" encoding="UTF-8"?>
<Acknowledgement_MarketDocument
	xmlns="urn:iec62325.351:tc57wg16:451-1:acknowledgementdocument:7:0">
	<mRID>1e4c1dc1-40ce-4</mRID>
	<createdDateTime>2025-06-20T10:37:35Z</createdDateTime>

	<sender_MarketParticipant.mRID codingScheme="A01">10X1001A1001A450</se
2025-06-20 12:37:39,449 - INFO - Stored AT 2025-06-20
