2025-06-20 14:50:53,189 - INFO - Start processing AT
2025-06-20 14:50:53,189 - INFO - AT: 202505010000 \u2192 202505020000
2025-06-20 14:50:53,684 - INFO - Stored AT 2025-05-01
2025-06-20 14:50:53,684 - INFO - AT: 202505020000 \u2192 202505030000
2025-06-20 14:50:54,033 - INFO - Stored AT 2025-05-02
2025-06-20 14:50:54,033 - INFO - AT: 202505030000 \u2192 202505040000
2025-06-20 14:50:54,362 - INFO - Stored AT 2025-05-03
2025-06-20 14:50:54,362 - INFO - AT: 202505040000 \u2192 202505050000
2025-06-20 14:50:54,719 - INFO - Stored AT 2025-05-04
2025-06-20 14:50:54,719 - INFO - AT: 202505050000 \u2192 202505060000
2025-06-20 14:50:55,055 - INFO - Stored AT 2025-05-05
2025-06-20 14:50:55,055 - INFO - AT: 202505060000 \u2192 202505070000
2025-06-20 14:50:55,422 - INFO - Stored AT 2025-05-06
2025-06-20 14:50:55,422 - INFO - AT: 202505070000 \u2192 202505080000
2025-06-20 14:50:55,783 - INFO - Stored AT 2025-05-07
2025-06-20 14:50:55,783 - INFO - AT: 202505080000 \u2192 202505090000
2025-06-20 14:50:56,123 - INFO - Stored AT 2025-05-08
2025-06-20 14:50:56,123 - INFO - AT: 202505090000 \u2192 202505100000
2025-06-20 14:50:56,499 - INFO - Stored AT 2025-05-09
2025-06-20 14:50:56,499 - INFO - AT: 202505100000 \u2192 202505110000
2025-06-20 14:50:56,842 - INFO - Stored AT 2025-05-10
2025-06-20 14:50:56,843 - INFO - AT: 202505110000 \u2192 202505120000
2025-06-20 14:50:57,196 - INFO - Stored AT 2025-05-11
2025-06-20 14:50:57,196 - INFO - AT: 202505120000 \u2192 202505130000
2025-06-20 14:50:57,575 - INFO - Stored AT 2025-05-12
2025-06-20 14:50:57,575 - INFO - AT: 202505130000 \u2192 202505140000
2025-06-20 14:50:57,907 - INFO - Stored AT 2025-05-13
2025-06-20 14:50:57,907 - INFO - AT: 202505140000 \u2192 202505150000
2025-06-20 14:50:58,241 - INFO - Stored AT 2025-05-14
2025-06-20 14:50:58,242 - INFO - AT: 202505150000 \u2192 202505160000
2025-06-20 14:50:58,585 - INFO - Stored AT 2025-05-15
2025-06-20 14:50:58,585 - INFO - AT: 202505160000 \u2192 202505170000
2025-06-20 14:50:58,917 - INFO - Stored AT 2025-05-16
2025-06-20 14:50:58,917 - INFO - AT: 202505170000 \u2192 202505180000
2025-06-20 14:50:59,276 - INFO - Stored AT 2025-05-17
2025-06-20 14:50:59,277 - INFO - AT: 202505180000 \u2192 202505190000
2025-06-20 14:50:59,621 - INFO - Stored AT 2025-05-18
2025-06-20 14:50:59,621 - INFO - AT: 202505190000 \u2192 202505200000
2025-06-20 14:50:59,959 - INFO - Stored AT 2025-05-19
2025-06-20 14:50:59,959 - INFO - AT: 202505200000 \u2192 202505210000
2025-06-20 14:51:00,297 - INFO - Stored AT 2025-05-20
2025-06-20 14:51:00,297 - INFO - AT: 202505210000 \u2192 202505220000
2025-06-20 14:51:00,658 - INFO - Stored AT 2025-05-21
2025-06-20 14:51:00,658 - INFO - AT: 202505220000 \u2192 202505230000
2025-06-20 14:51:01,019 - INFO - Stored AT 2025-05-22
2025-06-20 14:51:01,019 - INFO - AT: 202505230000 \u2192 202505240000
2025-06-20 14:51:01,361 - INFO - Stored AT 2025-05-23
2025-06-20 14:51:01,361 - INFO - AT: 202505240000 \u2192 202505250000
2025-06-20 14:51:01,709 - INFO - Stored AT 2025-05-24
2025-06-20 14:51:01,709 - INFO - AT: 202505250000 \u2192 202505260000
2025-06-20 14:51:02,055 - INFO - Stored AT 2025-05-25
2025-06-20 14:51:02,056 - INFO - AT: 202505260000 \u2192 202505270000
2025-06-20 14:51:02,409 - INFO - Stored AT 2025-05-26
2025-06-20 14:51:02,410 - INFO - AT: 202505270000 \u2192 202505280000
2025-06-20 14:51:02,771 - INFO - Stored AT 2025-05-27
2025-06-20 14:51:02,771 - INFO - AT: 202505280000 \u2192 202505290000
2025-06-20 14:51:03,114 - INFO - Stored AT 2025-05-28
2025-06-20 14:51:03,114 - INFO - AT: 202505290000 \u2192 202505300000
2025-06-20 14:51:03,467 - INFO - Stored AT 2025-05-29
2025-06-20 14:51:03,467 - INFO - AT: 202505300000 \u2192 202505310000
2025-06-20 14:51:03,863 - INFO - Stored AT 2025-05-30
2025-06-20 14:51:03,863 - INFO - AT: 202505310000 \u2192 202506010000
2025-06-20 14:51:04,465 - INFO - Stored AT 2025-05-31
2025-06-20 14:51:04,465 - INFO - AT: 202506010000 \u2192 202506020000
2025-06-20 14:51:05,014 - INFO - Stored AT 2025-06-01
2025-06-20 14:51:05,014 - INFO - AT: 202506020000 \u2192 202506030000
2025-06-20 14:51:05,542 - INFO - Stored AT 2025-06-02
2025-06-20 14:51:05,542 - INFO - AT: 202506030000 \u2192 202506040000
2025-06-20 14:51:05,916 - INFO - Stored AT 2025-06-03
2025-06-20 14:51:05,916 - INFO - AT: 202506040000 \u2192 202506050000
2025-06-20 14:51:06,251 - INFO - Stored AT 2025-06-04
2025-06-20 14:51:06,251 - INFO - AT: 202506050000 \u2192 202506060000
2025-06-20 14:51:06,601 - INFO - Stored AT 2025-06-05
2025-06-20 14:51:06,601 - INFO - AT: 202506060000 \u2192 202506070000
2025-06-20 14:51:06,959 - INFO - Stored AT 2025-06-06
2025-06-20 14:51:06,959 - INFO - AT: 202506070000 \u2192 202506080000
2025-06-20 14:51:07,334 - INFO - Stored AT 2025-06-07
2025-06-20 14:51:07,335 - INFO - AT: 202506080000 \u2192 202506090000
2025-06-20 14:51:07,710 - INFO - Stored AT 2025-06-08
2025-06-20 14:51:07,710 - INFO - AT: 202506090000 \u2192 202506100000
2025-06-20 14:51:08,069 - INFO - Stored AT 2025-06-09
2025-06-20 14:51:08,069 - INFO - AT: 202506100000 \u2192 202506110000
2025-06-20 14:51:08,425 - INFO - Stored AT 2025-06-10
2025-06-20 14:51:08,425 - INFO - AT: 202506110000 \u2192 202506120000
2025-06-20 14:51:08,766 - INFO - Stored AT 2025-06-11
2025-06-20 14:51:08,766 - INFO - AT: 202506120000 \u2192 202506130000
2025-06-20 14:51:09,132 - INFO - Stored AT 2025-06-12
2025-06-20 14:51:09,133 - INFO - AT: 202506130000 \u2192 202506140000
2025-06-20 14:51:09,467 - INFO - Stored AT 2025-06-13
2025-06-20 14:51:09,467 - INFO - AT: 202506140000 \u2192 202506150000
2025-06-20 14:51:09,839 - INFO - Stored AT 2025-06-14
2025-06-20 14:51:09,839 - INFO - AT: 202506150000 \u2192 202506160000
2025-06-20 14:51:10,234 - INFO - Stored AT 2025-06-15
2025-06-20 14:51:10,234 - INFO - AT: 202506160000 \u2192 202506170000
2025-06-20 14:51:10,633 - INFO - Stored AT 2025-06-16
2025-06-20 14:51:10,633 - INFO - AT: 202506170000 \u2192 202506180000
2025-06-20 14:51:10,986 - INFO - Stored AT 2025-06-17
2025-06-20 14:51:10,987 - INFO - AT: 202506180000 \u2192 202506190000
2025-06-20 14:51:11,388 - INFO - Stored AT 2025-06-18
2025-06-20 14:51:11,388 - INFO - AT: 202506190000 \u2192 202506200000
2025-06-20 14:51:11,827 - INFO - Stored AT 2025-06-19
2025-06-20 14:51:11,827 - INFO - AT: 202506200000 \u2192 202506201250
2025-06-20 14:51:11,936 - WARNING - [GEN] HTTP 400: <?xml version="1.0" encoding="UTF-8"?>
<Acknowledgement_MarketDocument
	xmlns="urn:iec62325.351:tc57wg16:451-1:acknowledgementdocument:7:0">
	<mRID>ac62b434-15e2-4</mRID>
	<createdDateTime>2025-06-20T12:51:08Z</createdDateTime>

	<sender_MarketParticipant.mRID codingScheme="A01">10X1001A1001A450</se
2025-06-20 14:51:12,166 - INFO - Stored AT 2025-06-20
