2025-06-20 12:39:38,941 - INFO - Start processing AT
2025-06-20 12:39:38,942 - INFO - AT: 202506010000 \u2192 202506020000
2025-06-20 12:39:39,302 - INFO - Stored AT 2025-06-01
2025-06-20 12:39:39,302 - INFO - AT: 202506020000 \u2192 202506030000
2025-06-20 12:39:39,630 - INFO - Stored AT 2025-06-02
2025-06-20 12:39:39,630 - INFO - AT: 202506030000 \u2192 202506040000
2025-06-20 12:39:40,058 - INFO - Stored AT 2025-06-03
2025-06-20 12:39:40,058 - INFO - AT: 202506040000 \u2192 202506050000
2025-06-20 12:39:40,400 - INFO - Stored AT 2025-06-04
2025-06-20 12:39:40,400 - INFO - AT: 202506050000 \u2192 202506060000
2025-06-20 12:39:40,778 - INFO - Stored AT 2025-06-05
2025-06-20 12:39:40,778 - INFO - AT: 202506060000 \u2192 202506070000
2025-06-20 12:39:41,143 - INFO - Stored AT 2025-06-06
2025-06-20 12:39:41,143 - INFO - AT: 202506070000 \u2192 202506080000
2025-06-20 12:39:41,485 - INFO - Stored AT 2025-06-07
2025-06-20 12:39:41,485 - INFO - AT: 202506080000 \u2192 202506090000
2025-06-20 12:39:41,819 - INFO - Stored AT 2025-06-08
2025-06-20 12:39:41,819 - INFO - AT: 202506090000 \u2192 202506100000
2025-06-20 12:39:42,162 - INFO - Stored AT 2025-06-09
2025-06-20 12:39:42,162 - INFO - AT: 202506100000 \u2192 202506110000
2025-06-20 12:39:42,501 - INFO - Stored AT 2025-06-10
2025-06-20 12:39:42,501 - INFO - AT: 202506110000 \u2192 202506120000
2025-06-20 12:39:42,857 - INFO - Stored AT 2025-06-11
2025-06-20 12:39:42,857 - INFO - AT: 202506120000 \u2192 202506130000
2025-06-20 12:39:43,193 - INFO - Stored AT 2025-06-12
2025-06-20 12:39:43,193 - INFO - AT: 202506130000 \u2192 202506140000
2025-06-20 12:39:43,543 - INFO - Stored AT 2025-06-13
2025-06-20 12:39:43,543 - INFO - AT: 202506140000 \u2192 202506150000
2025-06-20 12:39:43,878 - INFO - Stored AT 2025-06-14
2025-06-20 12:39:43,878 - INFO - AT: 202506150000 \u2192 202506160000
2025-06-20 12:39:44,245 - INFO - Stored AT 2025-06-15
2025-06-20 12:39:44,245 - INFO - AT: 202506160000 \u2192 202506170000
2025-06-20 12:39:44,585 - INFO - Stored AT 2025-06-16
2025-06-20 12:39:44,586 - INFO - AT: 202506170000 \u2192 202506180000
2025-06-20 12:39:44,923 - INFO - Stored AT 2025-06-17
2025-06-20 12:39:44,924 - INFO - AT: 202506180000 \u2192 202506190000
2025-06-20 12:39:45,267 - INFO - Stored AT 2025-06-18
2025-06-20 12:39:45,268 - INFO - AT: 202506190000 \u2192 202506200000
2025-06-20 12:39:45,627 - INFO - Stored AT 2025-06-19
2025-06-20 12:39:45,627 - INFO - AT: 202506200000 \u2192 202506201039
2025-06-20 12:39:45,730 - WARNING - [GEN] HTTP 400: <?xml version="1.0" encoding="UTF-8"?>
<Acknowledgement_MarketDocument
	xmlns="urn:iec62325.351:tc57wg16:451-1:acknowledgementdocument:7:0">
	<mRID>6fdb6bbc-e1f8-4</mRID>
	<createdDateTime>2025-06-20T10:39:42Z</createdDateTime>

	<sender_MarketParticipant.mRID codingScheme="A01">10X1001A1001A450</se
2025-06-20 12:39:45,907 - INFO - Stored AT 2025-06-20
2025-06-20 12:39:45,907 - INFO - Start processing BE
2025-06-20 12:39:45,907 - INFO - BE: 202506010000 \u2192 202506020000
2025-06-20 12:39:46,213 - INFO - Stored BE 2025-06-01
2025-06-20 12:39:46,214 - INFO - BE: 202506020000 \u2192 202506030000
2025-06-20 12:39:46,507 - INFO - Stored BE 2025-06-02
2025-06-20 12:39:46,507 - INFO - BE: 202506030000 \u2192 202506040000
2025-06-20 12:39:46,808 - INFO - Stored BE 2025-06-03
2025-06-20 12:39:46,808 - INFO - BE: 202506040000 \u2192 202506050000
2025-06-20 12:39:47,119 - INFO - Stored BE 2025-06-04
2025-06-20 12:39:47,119 - INFO - BE: 202506050000 \u2192 202506060000
2025-06-20 12:39:47,432 - INFO - Stored BE 2025-06-05
2025-06-20 12:39:47,432 - INFO - BE: 202506060000 \u2192 202506070000
2025-06-20 12:39:47,737 - INFO - Stored BE 2025-06-06
2025-06-20 12:39:47,737 - INFO - BE: 202506070000 \u2192 202506080000
2025-06-20 12:39:48,067 - INFO - Stored BE 2025-06-07
2025-06-20 12:39:48,068 - INFO - BE: 202506080000 \u2192 202506090000
2025-06-20 12:39:48,402 - INFO - Stored BE 2025-06-08
2025-06-20 12:39:48,402 - INFO - BE: 202506090000 \u2192 202506100000
2025-06-20 12:39:48,711 - INFO - Stored BE 2025-06-09
2025-06-20 12:39:48,711 - INFO - BE: 202506100000 \u2192 202506110000
2025-06-20 12:39:49,019 - INFO - Stored BE 2025-06-10
2025-06-20 12:39:49,019 - INFO - BE: 202506110000 \u2192 202506120000
2025-06-20 12:39:49,312 - INFO - Stored BE 2025-06-11
2025-06-20 12:39:49,312 - INFO - BE: 202506120000 \u2192 202506130000
2025-06-20 12:39:49,610 - INFO - Stored BE 2025-06-12
2025-06-20 12:39:49,610 - INFO - BE: 202506130000 \u2192 202506140000
2025-06-20 12:39:49,931 - INFO - Stored BE 2025-06-13
2025-06-20 12:39:49,932 - INFO - BE: 202506140000 \u2192 202506150000
2025-06-20 12:39:50,271 - INFO - Stored BE 2025-06-14
2025-06-20 12:39:50,272 - INFO - BE: 202506150000 \u2192 202506160000
2025-06-20 12:39:50,601 - INFO - Stored BE 2025-06-15
2025-06-20 12:39:50,601 - INFO - BE: 202506160000 \u2192 202506170000
2025-06-20 12:39:50,917 - INFO - Stored BE 2025-06-16
2025-06-20 12:39:50,918 - INFO - BE: 202506170000 \u2192 202506180000
2025-06-20 12:39:51,218 - INFO - Stored BE 2025-06-17
2025-06-20 12:39:51,218 - INFO - BE: 202506180000 \u2192 202506190000
2025-06-20 12:39:51,533 - INFO - Stored BE 2025-06-18
2025-06-20 12:39:51,534 - INFO - BE: 202506190000 \u2192 202506200000
2025-06-20 12:39:51,836 - INFO - Stored BE 2025-06-19
2025-06-20 12:39:51,836 - INFO - BE: 202506200000 \u2192 202506201039
2025-06-20 12:39:51,943 - WARNING - [GEN] HTTP 400: <?xml version="1.0" encoding="UTF-8"?>
<Acknowledgement_MarketDocument
	xmlns="urn:iec62325.351:tc57wg16:451-1:acknowledgementdocument:7:0">
	<mRID>1a51bb96-c4fa-4</mRID>
	<createdDateTime>2025-06-20T10:39:48Z</createdDateTime>

	<sender_MarketParticipant.mRID codingScheme="A01">10X1001A1001A450</se
2025-06-20 12:39:52,098 - INFO - Stored BE 2025-06-20
2025-06-20 12:39:52,098 - INFO - Start processing CZ
2025-06-20 12:39:52,099 - INFO - CZ: 202506010000 \u2192 202506020000
2025-06-20 12:39:52,415 - INFO - Stored CZ 2025-06-01
2025-06-20 12:39:52,415 - INFO - CZ: 202506020000 \u2192 202506030000
2025-06-20 12:39:52,721 - INFO - Stored CZ 2025-06-02
2025-06-20 12:39:52,721 - INFO - CZ: 202506030000 \u2192 202506040000
2025-06-20 12:39:53,028 - INFO - Stored CZ 2025-06-03
2025-06-20 12:39:53,028 - INFO - CZ: 202506040000 \u2192 202506050000
2025-06-20 12:39:53,361 - INFO - Stored CZ 2025-06-04
2025-06-20 12:39:53,361 - INFO - CZ: 202506050000 \u2192 202506060000
2025-06-20 12:39:53,678 - INFO - Stored CZ 2025-06-05
2025-06-20 12:39:53,678 - INFO - CZ: 202506060000 \u2192 202506070000
2025-06-20 12:39:53,989 - INFO - Stored CZ 2025-06-06
2025-06-20 12:39:53,989 - INFO - CZ: 202506070000 \u2192 202506080000
2025-06-20 12:39:54,274 - INFO - Stored CZ 2025-06-07
2025-06-20 12:39:54,274 - INFO - CZ: 202506080000 \u2192 202506090000
2025-06-20 12:39:54,604 - INFO - Stored CZ 2025-06-08
2025-06-20 12:39:54,605 - INFO - CZ: 202506090000 \u2192 202506100000
2025-06-20 12:39:54,899 - INFO - Stored CZ 2025-06-09
2025-06-20 12:39:54,900 - INFO - CZ: 202506100000 \u2192 202506110000
2025-06-20 12:39:55,203 - INFO - Stored CZ 2025-06-10
2025-06-20 12:39:55,203 - INFO - CZ: 202506110000 \u2192 202506120000
2025-06-20 12:39:55,513 - INFO - Stored CZ 2025-06-11
2025-06-20 12:39:55,514 - INFO - CZ: 202506120000 \u2192 202506130000
2025-06-20 12:39:55,812 - INFO - Stored CZ 2025-06-12
2025-06-20 12:39:55,812 - INFO - CZ: 202506130000 \u2192 202506140000
2025-06-20 12:39:56,145 - INFO - Stored CZ 2025-06-13
2025-06-20 12:39:56,145 - INFO - CZ: 202506140000 \u2192 202506150000
2025-06-20 12:39:56,456 - INFO - Stored CZ 2025-06-14
2025-06-20 12:39:56,456 - INFO - CZ: 202506150000 \u2192 202506160000
2025-06-20 12:39:56,776 - INFO - Stored CZ 2025-06-15
2025-06-20 12:39:56,776 - INFO - CZ: 202506160000 \u2192 202506170000
2025-06-20 12:39:57,087 - INFO - Stored CZ 2025-06-16
2025-06-20 12:39:57,087 - INFO - CZ: 202506170000 \u2192 202506180000
2025-06-20 12:39:57,424 - INFO - Stored CZ 2025-06-17
2025-06-20 12:39:57,425 - INFO - CZ: 202506180000 \u2192 202506190000
2025-06-20 12:39:57,748 - INFO - Stored CZ 2025-06-18
2025-06-20 12:39:57,748 - INFO - CZ: 202506190000 \u2192 202506200000
2025-06-20 12:39:58,055 - INFO - Stored CZ 2025-06-19
2025-06-20 12:39:58,055 - INFO - CZ: 202506200000 \u2192 202506201039
2025-06-20 12:39:58,160 - WARNING - [GEN] HTTP 400: <?xml version="1.0" encoding="UTF-8"?>
<Acknowledgement_MarketDocument
	xmlns="urn:iec62325.351:tc57wg16:451-1:acknowledgementdocument:7:0">
	<mRID>15a16bbd-5771-4</mRID>
	<createdDateTime>2025-06-20T10:39:54Z</createdDateTime>

	<sender_MarketParticipant.mRID codingScheme="A01">10X1001A1001A450</se
2025-06-20 12:39:58,313 - INFO - Stored CZ 2025-06-20
2025-06-20 12:39:58,313 - INFO - Start processing DK1
2025-06-20 12:39:58,313 - INFO - DK1: 202506010000 \u2192 202506020000
2025-06-20 12:39:58,623 - INFO - Stored DK1 2025-06-01
2025-06-20 12:39:58,623 - INFO - DK1: 202506020000 \u2192 202506030000
2025-06-20 12:39:58,913 - INFO - Stored DK1 2025-06-02
2025-06-20 12:39:58,914 - INFO - DK1: 202506030000 \u2192 202506040000
2025-06-20 12:39:59,208 - INFO - Stored DK1 2025-06-03
2025-06-20 12:39:59,208 - INFO - DK1: 202506040000 \u2192 202506050000
2025-06-20 12:39:59,503 - INFO - Stored DK1 2025-06-04
2025-06-20 12:39:59,503 - INFO - DK1: 202506050000 \u2192 202506060000
2025-06-20 12:39:59,794 - INFO - Stored DK1 2025-06-05
2025-06-20 12:39:59,794 - INFO - DK1: 202506060000 \u2192 202506070000
2025-06-20 12:40:00,174 - INFO - Stored DK1 2025-06-06
2025-06-20 12:40:00,174 - INFO - DK1: 202506070000 \u2192 202506080000
2025-06-20 12:40:00,475 - INFO - Stored DK1 2025-06-07
2025-06-20 12:40:00,475 - INFO - DK1: 202506080000 \u2192 202506090000
2025-06-20 12:40:00,776 - INFO - Stored DK1 2025-06-08
2025-06-20 12:40:00,776 - INFO - DK1: 202506090000 \u2192 202506100000
2025-06-20 12:40:01,092 - INFO - Stored DK1 2025-06-09
2025-06-20 12:40:01,092 - INFO - DK1: 202506100000 \u2192 202506110000
2025-06-20 12:40:01,387 - INFO - Stored DK1 2025-06-10
2025-06-20 12:40:01,387 - INFO - DK1: 202506110000 \u2192 202506120000
2025-06-20 12:40:01,696 - INFO - Stored DK1 2025-06-11
2025-06-20 12:40:01,696 - INFO - DK1: 202506120000 \u2192 202506130000
2025-06-20 12:40:01,993 - INFO - Stored DK1 2025-06-12
2025-06-20 12:40:01,993 - INFO - DK1: 202506130000 \u2192 202506140000
2025-06-20 12:40:02,281 - INFO - Stored DK1 2025-06-13
2025-06-20 12:40:02,281 - INFO - DK1: 202506140000 \u2192 202506150000
2025-06-20 12:40:02,577 - INFO - Stored DK1 2025-06-14
2025-06-20 12:40:02,578 - INFO - DK1: 202506150000 \u2192 202506160000
2025-06-20 12:40:02,878 - INFO - Stored DK1 2025-06-15
2025-06-20 12:40:02,878 - INFO - DK1: 202506160000 \u2192 202506170000
2025-06-20 12:40:03,179 - INFO - Stored DK1 2025-06-16
2025-06-20 12:40:03,179 - INFO - DK1: 202506170000 \u2192 202506180000
2025-06-20 12:40:03,591 - INFO - Stored DK1 2025-06-17
2025-06-20 12:40:03,591 - INFO - DK1: 202506180000 \u2192 202506190000
2025-06-20 12:40:03,942 - INFO - Stored DK1 2025-06-18
2025-06-20 12:40:03,942 - INFO - DK1: 202506190000 \u2192 202506200000
2025-06-20 12:40:04,302 - INFO - Stored DK1 2025-06-19
2025-06-20 12:40:04,302 - INFO - DK1: 202506200000 \u2192 202506201039
2025-06-20 12:40:04,417 - WARNING - [GEN] HTTP 400: <?xml version="1.0" encoding="UTF-8"?>
<Acknowledgement_MarketDocument
	xmlns="urn:iec62325.351:tc57wg16:451-1:acknowledgementdocument:7:0">
	<mRID>6dfd794c-47a9-4</mRID>
	<createdDateTime>2025-06-20T10:40:01Z</createdDateTime>

	<sender_MarketParticipant.mRID codingScheme="A01">10X1001A1001A450</se
2025-06-20 12:40:04,592 - INFO - Stored DK1 2025-06-20
2025-06-20 12:40:04,592 - INFO - Start processing DK2
2025-06-20 12:40:04,592 - INFO - DK2: 202506010000 \u2192 202506020000
2025-06-20 12:40:04,918 - INFO - Stored DK2 2025-06-01
2025-06-20 12:40:04,918 - INFO - DK2: 202506020000 \u2192 202506030000
2025-06-20 12:40:05,235 - INFO - Stored DK2 2025-06-02
2025-06-20 12:40:05,235 - INFO - DK2: 202506030000 \u2192 202506040000
2025-06-20 12:40:05,577 - INFO - Stored DK2 2025-06-03
2025-06-20 12:40:05,577 - INFO - DK2: 202506040000 \u2192 202506050000
2025-06-20 12:40:06,500 - INFO - Stored DK2 2025-06-04
2025-06-20 12:40:06,500 - INFO - DK2: 202506050000 \u2192 202506060000
2025-06-20 12:40:07,528 - INFO - Stored DK2 2025-06-05
2025-06-20 12:40:07,529 - INFO - DK2: 202506060000 \u2192 202506070000
2025-06-20 12:40:08,355 - INFO - Stored DK2 2025-06-06
2025-06-20 12:40:08,355 - INFO - DK2: 202506070000 \u2192 202506080000
2025-06-20 12:40:08,791 - INFO - Stored DK2 2025-06-07
2025-06-20 12:40:08,791 - INFO - DK2: 202506080000 \u2192 202506090000
2025-06-20 12:40:09,129 - INFO - Stored DK2 2025-06-08
2025-06-20 12:40:09,129 - INFO - DK2: 202506090000 \u2192 202506100000
2025-06-20 12:40:09,488 - INFO - Stored DK2 2025-06-09
2025-06-20 12:40:09,488 - INFO - DK2: 202506100000 \u2192 202506110000
2025-06-20 12:40:09,817 - INFO - Stored DK2 2025-06-10
2025-06-20 12:40:09,818 - INFO - DK2: 202506110000 \u2192 202506120000
2025-06-20 12:40:10,138 - INFO - Stored DK2 2025-06-11
2025-06-20 12:40:10,138 - INFO - DK2: 202506120000 \u2192 202506130000
2025-06-20 12:40:10,504 - INFO - Stored DK2 2025-06-12
2025-06-20 12:40:10,504 - INFO - DK2: 202506130000 \u2192 202506140000
2025-06-20 12:40:10,853 - INFO - Stored DK2 2025-06-13
2025-06-20 12:40:10,853 - INFO - DK2: 202506140000 \u2192 202506150000
2025-06-20 12:40:11,178 - INFO - Stored DK2 2025-06-14
2025-06-20 12:40:11,179 - INFO - DK2: 202506150000 \u2192 202506160000
2025-06-20 12:40:11,517 - INFO - Stored DK2 2025-06-15
2025-06-20 12:40:11,518 - INFO - DK2: 202506160000 \u2192 202506170000
2025-06-20 12:40:11,820 - INFO - Stored DK2 2025-06-16
2025-06-20 12:40:11,821 - INFO - DK2: 202506170000 \u2192 202506180000
2025-06-20 12:40:12,139 - INFO - Stored DK2 2025-06-17
2025-06-20 12:40:12,139 - INFO - DK2: 202506180000 \u2192 202506190000
2025-06-20 12:40:12,481 - INFO - Stored DK2 2025-06-18
2025-06-20 12:40:12,482 - INFO - DK2: 202506190000 \u2192 202506200000
2025-06-20 12:40:12,783 - INFO - Stored DK2 2025-06-19
2025-06-20 12:40:12,784 - INFO - DK2: 202506200000 \u2192 202506201039
2025-06-20 12:40:12,891 - WARNING - [GEN] HTTP 400: <?xml version="1.0" encoding="UTF-8"?>
<Acknowledgement_MarketDocument
	xmlns="urn:iec62325.351:tc57wg16:451-1:acknowledgementdocument:7:0">
	<mRID>8b53d281-d358-4</mRID>
	<createdDateTime>2025-06-20T10:40:09Z</createdDateTime>

	<sender_MarketParticipant.mRID codingScheme="A01">10X1001A1001A450</se
2025-06-20 12:40:13,068 - INFO - Stored DK2 2025-06-20
2025-06-20 12:40:13,069 - INFO - Start processing EE
2025-06-20 12:40:13,069 - INFO - EE: 202506010000 \u2192 202506020000
2025-06-20 12:40:13,372 - INFO - Stored EE 2025-06-01
2025-06-20 12:40:13,372 - INFO - EE: 202506020000 \u2192 202506030000
2025-06-20 12:40:13,691 - INFO - Stored EE 2025-06-02
2025-06-20 12:40:13,691 - INFO - EE: 202506030000 \u2192 202506040000
2025-06-20 12:40:14,005 - INFO - Stored EE 2025-06-03
2025-06-20 12:40:14,006 - INFO - EE: 202506040000 \u2192 202506050000
2025-06-20 12:40:14,347 - INFO - Stored EE 2025-06-04
2025-06-20 12:40:14,347 - INFO - EE: 202506050000 \u2192 202506060000
2025-06-20 12:40:14,747 - INFO - Stored EE 2025-06-05
2025-06-20 12:40:14,748 - INFO - EE: 202506060000 \u2192 202506070000
2025-06-20 12:40:15,079 - INFO - Stored EE 2025-06-06
2025-06-20 12:40:15,080 - INFO - EE: 202506070000 \u2192 202506080000
2025-06-20 12:40:15,413 - INFO - Stored EE 2025-06-07
2025-06-20 12:40:15,413 - INFO - EE: 202506080000 \u2192 202506090000
2025-06-20 12:40:15,758 - INFO - Stored EE 2025-06-08
2025-06-20 12:40:15,758 - INFO - EE: 202506090000 \u2192 202506100000
2025-06-20 12:40:16,064 - INFO - Stored EE 2025-06-09
2025-06-20 12:40:16,064 - INFO - EE: 202506100000 \u2192 202506110000
2025-06-20 12:40:16,425 - INFO - Stored EE 2025-06-10
2025-06-20 12:40:16,425 - INFO - EE: 202506110000 \u2192 202506120000
2025-06-20 12:40:16,786 - INFO - Stored EE 2025-06-11
2025-06-20 12:40:16,786 - INFO - EE: 202506120000 \u2192 202506130000
2025-06-20 12:40:17,117 - INFO - Stored EE 2025-06-12
2025-06-20 12:40:17,117 - INFO - EE: 202506130000 \u2192 202506140000
2025-06-20 12:40:17,722 - INFO - Stored EE 2025-06-13
2025-06-20 12:40:17,723 - INFO - EE: 202506140000 \u2192 202506150000
2025-06-20 12:40:18,019 - INFO - Stored EE 2025-06-14
2025-06-20 12:40:18,019 - INFO - EE: 202506150000 \u2192 202506160000
2025-06-20 12:40:18,346 - INFO - Stored EE 2025-06-15
2025-06-20 12:40:18,347 - INFO - EE: 202506160000 \u2192 202506170000
2025-06-20 12:40:18,679 - INFO - Stored EE 2025-06-16
2025-06-20 12:40:18,680 - INFO - EE: 202506170000 \u2192 202506180000
2025-06-20 12:40:19,015 - INFO - Stored EE 2025-06-17
2025-06-20 12:40:19,015 - INFO - EE: 202506180000 \u2192 202506190000
2025-06-20 12:40:19,402 - INFO - Stored EE 2025-06-18
2025-06-20 12:40:19,402 - INFO - EE: 202506190000 \u2192 202506200000
2025-06-20 12:40:19,797 - INFO - Stored EE 2025-06-19
2025-06-20 12:40:19,797 - INFO - EE: 202506200000 \u2192 202506201039
2025-06-20 12:40:19,906 - WARNING - [GEN] HTTP 400: <?xml version="1.0" encoding="UTF-8"?>
<Acknowledgement_MarketDocument
	xmlns="urn:iec62325.351:tc57wg16:451-1:acknowledgementdocument:7:0">
	<mRID>811f96e7-c293-4</mRID>
	<createdDateTime>2025-06-20T10:40:16Z</createdDateTime>

	<sender_MarketParticipant.mRID codingScheme="A01">10X1001A1001A450</se
2025-06-20 12:40:20,233 - INFO - Stored EE 2025-06-20
2025-06-20 12:40:20,233 - INFO - Start processing GR
2025-06-20 12:40:20,233 - INFO - GR: 202506010000 \u2192 202506020000
2025-06-20 12:40:20,627 - INFO - Stored GR 2025-06-01
2025-06-20 12:40:20,627 - INFO - GR: 202506020000 \u2192 202506030000
2025-06-20 12:40:21,937 - INFO - Stored GR 2025-06-02
2025-06-20 12:40:21,937 - INFO - GR: 202506030000 \u2192 202506040000
2025-06-20 12:40:22,245 - INFO - Stored GR 2025-06-03
2025-06-20 12:40:22,246 - INFO - GR: 202506040000 \u2192 202506050000
2025-06-20 12:40:22,590 - INFO - Stored GR 2025-06-04
2025-06-20 12:40:22,590 - INFO - GR: 202506050000 \u2192 202506060000
2025-06-20 12:40:22,891 - INFO - Stored GR 2025-06-05
2025-06-20 12:40:22,891 - INFO - GR: 202506060000 \u2192 202506070000
2025-06-20 12:40:23,207 - INFO - Stored GR 2025-06-06
2025-06-20 12:40:23,208 - INFO - GR: 202506070000 \u2192 202506080000
2025-06-20 12:40:23,767 - INFO - Stored GR 2025-06-07
2025-06-20 12:40:23,767 - INFO - GR: 202506080000 \u2192 202506090000
2025-06-20 12:40:24,072 - INFO - Stored GR 2025-06-08
2025-06-20 12:40:24,073 - INFO - GR: 202506090000 \u2192 202506100000
2025-06-20 12:40:24,383 - INFO - Stored GR 2025-06-09
2025-06-20 12:40:24,383 - INFO - GR: 202506100000 \u2192 202506110000
2025-06-20 12:40:24,717 - INFO - Stored GR 2025-06-10
2025-06-20 12:40:24,717 - INFO - GR: 202506110000 \u2192 202506120000
2025-06-20 12:40:25,030 - INFO - Stored GR 2025-06-11
2025-06-20 12:40:25,030 - INFO - GR: 202506120000 \u2192 202506130000
2025-06-20 12:40:25,357 - INFO - Stored GR 2025-06-12
2025-06-20 12:40:25,357 - INFO - GR: 202506130000 \u2192 202506140000
2025-06-20 12:40:25,720 - INFO - Stored GR 2025-06-13
2025-06-20 12:40:25,720 - INFO - GR: 202506140000 \u2192 202506150000
2025-06-20 12:40:26,067 - INFO - Stored GR 2025-06-14
2025-06-20 12:40:26,067 - INFO - GR: 202506150000 \u2192 202506160000
2025-06-20 12:40:26,379 - INFO - Stored GR 2025-06-15
2025-06-20 12:40:26,379 - INFO - GR: 202506160000 \u2192 202506170000
2025-06-20 12:40:26,721 - INFO - Stored GR 2025-06-16
2025-06-20 12:40:26,721 - INFO - GR: 202506170000 \u2192 202506180000
2025-06-20 12:40:27,045 - INFO - Stored GR 2025-06-17
2025-06-20 12:40:27,045 - INFO - GR: 202506180000 \u2192 202506190000
2025-06-20 12:40:27,335 - INFO - Stored GR 2025-06-18
2025-06-20 12:40:27,335 - INFO - GR: 202506190000 \u2192 202506200000
2025-06-20 12:40:27,646 - INFO - Stored GR 2025-06-19
2025-06-20 12:40:27,646 - INFO - GR: 202506200000 \u2192 202506201039
2025-06-20 12:40:27,769 - WARNING - [GEN] HTTP 400: <?xml version="1.0" encoding="UTF-8"?>
<Acknowledgement_MarketDocument
	xmlns="urn:iec62325.351:tc57wg16:451-1:acknowledgementdocument:7:0">
	<mRID>686a820f-0256-4</mRID>
	<createdDateTime>2025-06-20T10:40:24Z</createdDateTime>

	<sender_MarketParticipant.mRID codingScheme="A01">10X1001A1001A450</se
2025-06-20 12:40:27,947 - INFO - Stored GR 2025-06-20
2025-06-20 12:40:27,948 - INFO - Start processing FI
2025-06-20 12:40:27,948 - INFO - FI: 202506010000 \u2192 202506020000
2025-06-20 12:40:28,259 - INFO - Stored FI 2025-06-01
2025-06-20 12:40:28,259 - INFO - FI: 202506020000 \u2192 202506030000
2025-06-20 12:40:28,617 - INFO - Stored FI 2025-06-02
2025-06-20 12:40:28,617 - INFO - FI: 202506030000 \u2192 202506040000
2025-06-20 12:40:29,022 - INFO - Stored FI 2025-06-03
2025-06-20 12:40:29,022 - INFO - FI: 202506040000 \u2192 202506050000
2025-06-20 12:40:29,376 - INFO - Stored FI 2025-06-04
2025-06-20 12:40:29,376 - INFO - FI: 202506050000 \u2192 202506060000
2025-06-20 12:40:29,783 - INFO - Stored FI 2025-06-05
2025-06-20 12:40:29,783 - INFO - FI: 202506060000 \u2192 202506070000
2025-06-20 12:40:30,200 - INFO - Stored FI 2025-06-06
2025-06-20 12:40:30,200 - INFO - FI: 202506070000 \u2192 202506080000
2025-06-20 12:40:30,572 - INFO - Stored FI 2025-06-07
2025-06-20 12:40:30,572 - INFO - FI: 202506080000 \u2192 202506090000
2025-06-20 12:40:30,880 - INFO - Stored FI 2025-06-08
2025-06-20 12:40:30,880 - INFO - FI: 202506090000 \u2192 202506100000
2025-06-20 12:40:31,199 - INFO - Stored FI 2025-06-09
2025-06-20 12:40:31,199 - INFO - FI: 202506100000 \u2192 202506110000
2025-06-20 12:40:31,554 - INFO - Stored FI 2025-06-10
2025-06-20 12:40:31,554 - INFO - FI: 202506110000 \u2192 202506120000
2025-06-20 12:40:31,878 - INFO - Stored FI 2025-06-11
2025-06-20 12:40:31,878 - INFO - FI: 202506120000 \u2192 202506130000
2025-06-20 12:40:32,184 - INFO - Stored FI 2025-06-12
2025-06-20 12:40:32,185 - INFO - FI: 202506130000 \u2192 202506140000
2025-06-20 12:40:32,491 - INFO - Stored FI 2025-06-13
2025-06-20 12:40:32,492 - INFO - FI: 202506140000 \u2192 202506150000
2025-06-20 12:40:32,813 - INFO - Stored FI 2025-06-14
2025-06-20 12:40:32,814 - INFO - FI: 202506150000 \u2192 202506160000
2025-06-20 12:40:33,169 - INFO - Stored FI 2025-06-15
2025-06-20 12:40:33,169 - INFO - FI: 202506160000 \u2192 202506170000
2025-06-20 12:40:33,523 - INFO - Stored FI 2025-06-16
2025-06-20 12:40:33,523 - INFO - FI: 202506170000 \u2192 202506180000
2025-06-20 12:40:33,845 - INFO - Stored FI 2025-06-17
2025-06-20 12:40:33,845 - INFO - FI: 202506180000 \u2192 202506190000
2025-06-20 12:40:34,155 - INFO - Stored FI 2025-06-18
2025-06-20 12:40:34,155 - INFO - FI: 202506190000 \u2192 202506200000
2025-06-20 12:40:34,470 - INFO - Stored FI 2025-06-19
2025-06-20 12:40:34,470 - INFO - FI: 202506200000 \u2192 202506201039
2025-06-20 12:40:34,577 - WARNING - [GEN] HTTP 400: <?xml version="1.0" encoding="UTF-8"?>
<Acknowledgement_MarketDocument
	xmlns="urn:iec62325.351:tc57wg16:451-1:acknowledgementdocument:7:0">
	<mRID>8338e81e-d98e-4</mRID>
	<createdDateTime>2025-06-20T10:40:31Z</createdDateTime>

	<sender_MarketParticipant.mRID codingScheme="A01">10X1001A1001A450</se
2025-06-20 12:40:34,741 - INFO - Stored FI 2025-06-20
2025-06-20 12:40:34,742 - INFO - Start processing HU
2025-06-20 12:40:34,742 - INFO - HU: 202506010000 \u2192 202506020000
2025-06-20 12:40:35,060 - INFO - Stored HU 2025-06-01
2025-06-20 12:40:35,060 - INFO - HU: 202506020000 \u2192 202506030000
2025-06-20 12:40:35,411 - INFO - Stored HU 2025-06-02
2025-06-20 12:40:35,411 - INFO - HU: 202506030000 \u2192 202506040000
2025-06-20 12:40:35,742 - INFO - Stored HU 2025-06-03
2025-06-20 12:40:35,742 - INFO - HU: 202506040000 \u2192 202506050000
2025-06-20 12:40:36,080 - INFO - Stored HU 2025-06-04
2025-06-20 12:40:36,081 - INFO - HU: 202506050000 \u2192 202506060000
2025-06-20 12:40:36,415 - INFO - Stored HU 2025-06-05
2025-06-20 12:40:36,415 - INFO - HU: 202506060000 \u2192 202506070000
2025-06-20 12:40:36,729 - INFO - Stored HU 2025-06-06
2025-06-20 12:40:36,730 - INFO - HU: 202506070000 \u2192 202506080000
2025-06-20 12:40:37,036 - INFO - Stored HU 2025-06-07
2025-06-20 12:40:37,036 - INFO - HU: 202506080000 \u2192 202506090000
2025-06-20 12:40:37,358 - INFO - Stored HU 2025-06-08
2025-06-20 12:40:37,358 - INFO - HU: 202506090000 \u2192 202506100000
2025-06-20 12:40:37,669 - INFO - Stored HU 2025-06-09
2025-06-20 12:40:37,669 - INFO - HU: 202506100000 \u2192 202506110000
2025-06-20 12:40:37,981 - INFO - Stored HU 2025-06-10
2025-06-20 12:40:37,981 - INFO - HU: 202506110000 \u2192 202506120000
2025-06-20 12:40:38,288 - INFO - Stored HU 2025-06-11
2025-06-20 12:40:38,289 - INFO - HU: 202506120000 \u2192 202506130000
2025-06-20 12:40:38,649 - INFO - Stored HU 2025-06-12
2025-06-20 12:40:38,650 - INFO - HU: 202506130000 \u2192 202506140000
2025-06-20 12:40:38,981 - INFO - Stored HU 2025-06-13
2025-06-20 12:40:38,981 - INFO - HU: 202506140000 \u2192 202506150000
2025-06-20 12:40:39,326 - INFO - Stored HU 2025-06-14
2025-06-20 12:40:39,326 - INFO - HU: 202506150000 \u2192 202506160000
2025-06-20 12:40:39,674 - INFO - Stored HU 2025-06-15
2025-06-20 12:40:39,674 - INFO - HU: 202506160000 \u2192 202506170000
2025-06-20 12:40:39,985 - INFO - Stored HU 2025-06-16
2025-06-20 12:40:39,985 - INFO - HU: 202506170000 \u2192 202506180000
2025-06-20 12:40:40,316 - INFO - Stored HU 2025-06-17
2025-06-20 12:40:40,316 - INFO - HU: 202506180000 \u2192 202506190000
2025-06-20 12:40:40,626 - INFO - Stored HU 2025-06-18
2025-06-20 12:40:40,627 - INFO - HU: 202506190000 \u2192 202506200000
2025-06-20 12:40:40,920 - INFO - Stored HU 2025-06-19
2025-06-20 12:40:40,920 - INFO - HU: 202506200000 \u2192 202506201039
2025-06-20 12:40:41,027 - WARNING - [GEN] HTTP 400: <?xml version="1.0" encoding="UTF-8"?>
<Acknowledgement_MarketDocument
	xmlns="urn:iec62325.351:tc57wg16:451-1:acknowledgementdocument:7:0">
	<mRID>d0ad3973-838d-4</mRID>
	<createdDateTime>2025-06-20T10:40:37Z</createdDateTime>

	<sender_MarketParticipant.mRID codingScheme="A01">10X1001A1001A450</se
2025-06-20 12:40:41,245 - INFO - Stored HU 2025-06-20
2025-06-20 12:40:41,245 - INFO - Start processing IE (SEM)
2025-06-20 12:40:41,245 - INFO - IE (SEM): 202506010000 \u2192 202506020000
2025-06-20 12:40:41,522 - INFO - Stored IE (SEM) 2025-06-01
2025-06-20 12:40:41,522 - INFO - IE (SEM): 202506020000 \u2192 202506030000
2025-06-20 12:40:41,798 - INFO - Stored IE (SEM) 2025-06-02
2025-06-20 12:40:41,799 - INFO - IE (SEM): 202506030000 \u2192 202506040000
2025-06-20 12:40:42,097 - INFO - Stored IE (SEM) 2025-06-03
2025-06-20 12:40:42,097 - INFO - IE (SEM): 202506040000 \u2192 202506050000
2025-06-20 12:40:42,384 - INFO - Stored IE (SEM) 2025-06-04
2025-06-20 12:40:42,384 - INFO - IE (SEM): 202506050000 \u2192 202506060000
2025-06-20 12:40:42,813 - INFO - Stored IE (SEM) 2025-06-05
2025-06-20 12:40:42,813 - INFO - IE (SEM): 202506060000 \u2192 202506070000
2025-06-20 12:40:43,107 - INFO - Stored IE (SEM) 2025-06-06
2025-06-20 12:40:43,107 - INFO - IE (SEM): 202506070000 \u2192 202506080000
2025-06-20 12:40:43,396 - INFO - Stored IE (SEM) 2025-06-07
2025-06-20 12:40:43,396 - INFO - IE (SEM): 202506080000 \u2192 202506090000
2025-06-20 12:40:43,741 - INFO - Stored IE (SEM) 2025-06-08
2025-06-20 12:40:43,741 - INFO - IE (SEM): 202506090000 \u2192 202506100000
2025-06-20 12:40:44,054 - INFO - Stored IE (SEM) 2025-06-09
2025-06-20 12:40:44,055 - INFO - IE (SEM): 202506100000 \u2192 202506110000
2025-06-20 12:40:44,319 - INFO - Stored IE (SEM) 2025-06-10
2025-06-20 12:40:44,320 - INFO - IE (SEM): 202506110000 \u2192 202506120000
2025-06-20 12:40:44,598 - INFO - Stored IE (SEM) 2025-06-11
2025-06-20 12:40:44,598 - INFO - IE (SEM): 202506120000 \u2192 202506130000
2025-06-20 12:40:44,891 - INFO - Stored IE (SEM) 2025-06-12
2025-06-20 12:40:44,891 - INFO - IE (SEM): 202506130000 \u2192 202506140000
2025-06-20 12:40:45,193 - INFO - Stored IE (SEM) 2025-06-13
2025-06-20 12:40:45,193 - INFO - IE (SEM): 202506140000 \u2192 202506150000
2025-06-20 12:40:45,474 - INFO - Stored IE (SEM) 2025-06-14
2025-06-20 12:40:45,474 - INFO - IE (SEM): 202506150000 \u2192 202506160000
2025-06-20 12:40:45,921 - INFO - Stored IE (SEM) 2025-06-15
2025-06-20 12:40:45,921 - INFO - IE (SEM): 202506160000 \u2192 202506170000
2025-06-20 12:40:46,210 - INFO - Stored IE (SEM) 2025-06-16
2025-06-20 12:40:46,211 - INFO - IE (SEM): 202506170000 \u2192 202506180000
2025-06-20 12:40:46,509 - INFO - Stored IE (SEM) 2025-06-17
2025-06-20 12:40:46,509 - INFO - IE (SEM): 202506180000 \u2192 202506190000
2025-06-20 12:40:46,802 - INFO - Stored IE (SEM) 2025-06-18
2025-06-20 12:40:46,803 - INFO - IE (SEM): 202506190000 \u2192 202506200000
2025-06-20 12:40:47,080 - INFO - Stored IE (SEM) 2025-06-19
2025-06-20 12:40:47,080 - INFO - IE (SEM): 202506200000 \u2192 202506201039
2025-06-20 12:40:47,186 - WARNING - [GEN] HTTP 400: <?xml version="1.0" encoding="UTF-8"?>
<Acknowledgement_MarketDocument
	xmlns="urn:iec62325.351:tc57wg16:451-1:acknowledgementdocument:7:0">
	<mRID>7a215428-7d0f-4</mRID>
	<createdDateTime>2025-06-20T10:40:43Z</createdDateTime>

	<sender_MarketParticipant.mRID codingScheme="A01">10X1001A1001A450</se
2025-06-20 12:40:47,371 - INFO - Stored IE (SEM) 2025-06-20
2025-06-20 12:40:47,372 - INFO - Start processing IT-CENTRE_NORTH
2025-06-20 12:40:47,372 - INFO - IT-CENTRE_NORTH: 202506010000 \u2192 202506020000
2025-06-20 12:40:47,689 - INFO - Stored IT-CENTRE_NORTH 2025-06-01
2025-06-20 12:40:47,689 - INFO - IT-CENTRE_NORTH: 202506020000 \u2192 202506030000
2025-06-20 12:40:48,002 - INFO - Stored IT-CENTRE_NORTH 2025-06-02
2025-06-20 12:40:48,003 - INFO - IT-CENTRE_NORTH: 202506030000 \u2192 202506040000
2025-06-20 12:40:48,320 - INFO - Stored IT-CENTRE_NORTH 2025-06-03
2025-06-20 12:40:48,321 - INFO - IT-CENTRE_NORTH: 202506040000 \u2192 202506050000
2025-06-20 12:40:48,666 - INFO - Stored IT-CENTRE_NORTH 2025-06-04
2025-06-20 12:40:48,666 - INFO - IT-CENTRE_NORTH: 202506050000 \u2192 202506060000
2025-06-20 12:40:48,970 - INFO - Stored IT-CENTRE_NORTH 2025-06-05
2025-06-20 12:40:48,971 - INFO - IT-CENTRE_NORTH: 202506060000 \u2192 202506070000
2025-06-20 12:40:49,284 - INFO - Stored IT-CENTRE_NORTH 2025-06-06
2025-06-20 12:40:49,284 - INFO - IT-CENTRE_NORTH: 202506070000 \u2192 202506080000
2025-06-20 12:40:49,601 - INFO - Stored IT-CENTRE_NORTH 2025-06-07
2025-06-20 12:40:49,602 - INFO - IT-CENTRE_NORTH: 202506080000 \u2192 202506090000
2025-06-20 12:40:49,904 - INFO - Stored IT-CENTRE_NORTH 2025-06-08
2025-06-20 12:40:49,904 - INFO - IT-CENTRE_NORTH: 202506090000 \u2192 202506100000
2025-06-20 12:40:50,208 - INFO - Stored IT-CENTRE_NORTH 2025-06-09
2025-06-20 12:40:50,208 - INFO - IT-CENTRE_NORTH: 202506100000 \u2192 202506110000
2025-06-20 12:40:50,533 - INFO - Stored IT-CENTRE_NORTH 2025-06-10
2025-06-20 12:40:50,534 - INFO - IT-CENTRE_NORTH: 202506110000 \u2192 202506120000
2025-06-20 12:40:50,831 - INFO - Stored IT-CENTRE_NORTH 2025-06-11
2025-06-20 12:40:50,831 - INFO - IT-CENTRE_NORTH: 202506120000 \u2192 202506130000
2025-06-20 12:40:51,146 - INFO - Stored IT-CENTRE_NORTH 2025-06-12
2025-06-20 12:40:51,146 - INFO - IT-CENTRE_NORTH: 202506130000 \u2192 202506140000
2025-06-20 12:40:51,483 - INFO - Stored IT-CENTRE_NORTH 2025-06-13
2025-06-20 12:40:51,483 - INFO - IT-CENTRE_NORTH: 202506140000 \u2192 202506150000
2025-06-20 12:40:51,783 - INFO - Stored IT-CENTRE_NORTH 2025-06-14
2025-06-20 12:40:51,783 - INFO - IT-CENTRE_NORTH: 202506150000 \u2192 202506160000
2025-06-20 12:40:52,124 - INFO - Stored IT-CENTRE_NORTH 2025-06-15
2025-06-20 12:40:52,124 - INFO - IT-CENTRE_NORTH: 202506160000 \u2192 202506170000
2025-06-20 12:40:52,420 - INFO - Stored IT-CENTRE_NORTH 2025-06-16
2025-06-20 12:40:52,420 - INFO - IT-CENTRE_NORTH: 202506170000 \u2192 202506180000
2025-06-20 12:40:52,729 - INFO - Stored IT-CENTRE_NORTH 2025-06-17
2025-06-20 12:40:52,729 - INFO - IT-CENTRE_NORTH: 202506180000 \u2192 202506190000
2025-06-20 12:40:53,058 - INFO - Stored IT-CENTRE_NORTH 2025-06-18
2025-06-20 12:40:53,058 - INFO - IT-CENTRE_NORTH: 202506190000 \u2192 202506200000
2025-06-20 12:40:53,366 - INFO - Stored IT-CENTRE_NORTH 2025-06-19
2025-06-20 12:40:53,366 - INFO - IT-CENTRE_NORTH: 202506200000 \u2192 202506201039
2025-06-20 12:40:53,487 - WARNING - [GEN] HTTP 400: <?xml version="1.0" encoding="UTF-8"?>
<Acknowledgement_MarketDocument
	xmlns="urn:iec62325.351:tc57wg16:451-1:acknowledgementdocument:7:0">
	<mRID>b3cdff4a-70ff-4</mRID>
	<createdDateTime>2025-06-20T10:40:50Z</createdDateTime>

	<sender_MarketParticipant.mRID codingScheme="A01">10X1001A1001A450</se
2025-06-20 12:40:53,664 - INFO - Stored IT-CENTRE_NORTH 2025-06-20
2025-06-20 12:40:53,664 - INFO - Start processing IT-CENTRE_SOUTH
2025-06-20 12:40:53,665 - INFO - IT-CENTRE_SOUTH: 202506010000 \u2192 202506020000
2025-06-20 12:40:53,982 - INFO - Stored IT-CENTRE_SOUTH 2025-06-01
2025-06-20 12:40:53,982 - INFO - IT-CENTRE_SOUTH: 202506020000 \u2192 202506030000
2025-06-20 12:40:54,305 - INFO - Stored IT-CENTRE_SOUTH 2025-06-02
2025-06-20 12:40:54,305 - INFO - IT-CENTRE_SOUTH: 202506030000 \u2192 202506040000
2025-06-20 12:40:54,617 - INFO - Stored IT-CENTRE_SOUTH 2025-06-03
2025-06-20 12:40:54,617 - INFO - IT-CENTRE_SOUTH: 202506040000 \u2192 202506050000
2025-06-20 12:40:54,919 - INFO - Stored IT-CENTRE_SOUTH 2025-06-04
2025-06-20 12:40:54,919 - INFO - IT-CENTRE_SOUTH: 202506050000 \u2192 202506060000
2025-06-20 12:40:55,237 - INFO - Stored IT-CENTRE_SOUTH 2025-06-05
2025-06-20 12:40:55,237 - INFO - IT-CENTRE_SOUTH: 202506060000 \u2192 202506070000
2025-06-20 12:40:55,541 - INFO - Stored IT-CENTRE_SOUTH 2025-06-06
2025-06-20 12:40:55,542 - INFO - IT-CENTRE_SOUTH: 202506070000 \u2192 202506080000
2025-06-20 12:40:55,847 - INFO - Stored IT-CENTRE_SOUTH 2025-06-07
2025-06-20 12:40:55,847 - INFO - IT-CENTRE_SOUTH: 202506080000 \u2192 202506090000
2025-06-20 12:40:56,153 - INFO - Stored IT-CENTRE_SOUTH 2025-06-08
2025-06-20 12:40:56,153 - INFO - IT-CENTRE_SOUTH: 202506090000 \u2192 202506100000
2025-06-20 12:40:56,471 - INFO - Stored IT-CENTRE_SOUTH 2025-06-09
2025-06-20 12:40:56,471 - INFO - IT-CENTRE_SOUTH: 202506100000 \u2192 202506110000
2025-06-20 12:40:56,937 - INFO - Stored IT-CENTRE_SOUTH 2025-06-10
2025-06-20 12:40:56,937 - INFO - IT-CENTRE_SOUTH: 202506110000 \u2192 202506120000
2025-06-20 12:40:57,249 - INFO - Stored IT-CENTRE_SOUTH 2025-06-11
2025-06-20 12:40:57,249 - INFO - IT-CENTRE_SOUTH: 202506120000 \u2192 202506130000
2025-06-20 12:40:57,558 - INFO - Stored IT-CENTRE_SOUTH 2025-06-12
2025-06-20 12:40:57,559 - INFO - IT-CENTRE_SOUTH: 202506130000 \u2192 202506140000
2025-06-20 12:40:57,878 - INFO - Stored IT-CENTRE_SOUTH 2025-06-13
2025-06-20 12:40:57,879 - INFO - IT-CENTRE_SOUTH: 202506140000 \u2192 202506150000
2025-06-20 12:40:58,202 - INFO - Stored IT-CENTRE_SOUTH 2025-06-14
2025-06-20 12:40:58,202 - INFO - IT-CENTRE_SOUTH: 202506150000 \u2192 202506160000
2025-06-20 12:40:58,509 - INFO - Stored IT-CENTRE_SOUTH 2025-06-15
2025-06-20 12:40:58,509 - INFO - IT-CENTRE_SOUTH: 202506160000 \u2192 202506170000
2025-06-20 12:40:58,797 - INFO - Stored IT-CENTRE_SOUTH 2025-06-16
2025-06-20 12:40:58,797 - INFO - IT-CENTRE_SOUTH: 202506170000 \u2192 202506180000
2025-06-20 12:40:59,116 - INFO - Stored IT-CENTRE_SOUTH 2025-06-17
2025-06-20 12:40:59,116 - INFO - IT-CENTRE_SOUTH: 202506180000 \u2192 202506190000
2025-06-20 12:40:59,419 - INFO - Stored IT-CENTRE_SOUTH 2025-06-18
2025-06-20 12:40:59,420 - INFO - IT-CENTRE_SOUTH: 202506190000 \u2192 202506200000
2025-06-20 12:40:59,713 - INFO - Stored IT-CENTRE_SOUTH 2025-06-19
2025-06-20 12:40:59,713 - INFO - IT-CENTRE_SOUTH: 202506200000 \u2192 202506201039
2025-06-20 12:40:59,816 - WARNING - [GEN] HTTP 400: <?xml version="1.0" encoding="UTF-8"?>
<Acknowledgement_MarketDocument
	xmlns="urn:iec62325.351:tc57wg16:451-1:acknowledgementdocument:7:0">
	<mRID>5163588c-e7e8-4</mRID>
	<createdDateTime>2025-06-20T10:40:56Z</createdDateTime>

	<sender_MarketParticipant.mRID codingScheme="A01">10X1001A1001A450</se
2025-06-20 12:41:00,010 - INFO - Stored IT-CENTRE_SOUTH 2025-06-20
2025-06-20 12:41:00,010 - INFO - Start processing IT-North
2025-06-20 12:41:00,011 - INFO - IT-North: 202506010000 \u2192 202506020000
2025-06-20 12:41:00,392 - INFO - Stored IT-North 2025-06-01
2025-06-20 12:41:00,392 - INFO - IT-North: 202506020000 \u2192 202506030000
2025-06-20 12:41:00,693 - INFO - Stored IT-North 2025-06-02
2025-06-20 12:41:00,693 - INFO - IT-North: 202506030000 \u2192 202506040000
2025-06-20 12:41:01,025 - INFO - Stored IT-North 2025-06-03
2025-06-20 12:41:01,025 - INFO - IT-North: 202506040000 \u2192 202506050000
2025-06-20 12:41:01,367 - INFO - Stored IT-North 2025-06-04
2025-06-20 12:41:01,368 - INFO - IT-North: 202506050000 \u2192 202506060000
2025-06-20 12:41:01,695 - INFO - Stored IT-North 2025-06-05
2025-06-20 12:41:01,695 - INFO - IT-North: 202506060000 \u2192 202506070000
2025-06-20 12:41:02,000 - INFO - Stored IT-North 2025-06-06
2025-06-20 12:41:02,001 - INFO - IT-North: 202506070000 \u2192 202506080000
2025-06-20 12:41:02,311 - INFO - Stored IT-North 2025-06-07
2025-06-20 12:41:02,312 - INFO - IT-North: 202506080000 \u2192 202506090000
2025-06-20 12:41:02,626 - INFO - Stored IT-North 2025-06-08
2025-06-20 12:41:02,626 - INFO - IT-North: 202506090000 \u2192 202506100000
2025-06-20 12:41:02,957 - INFO - Stored IT-North 2025-06-09
2025-06-20 12:41:02,957 - INFO - IT-North: 202506100000 \u2192 202506110000
2025-06-20 12:41:03,267 - INFO - Stored IT-North 2025-06-10
2025-06-20 12:41:03,267 - INFO - IT-North: 202506110000 \u2192 202506120000
2025-06-20 12:41:03,615 - INFO - Stored IT-North 2025-06-11
2025-06-20 12:41:03,615 - INFO - IT-North: 202506120000 \u2192 202506130000
2025-06-20 12:41:03,937 - INFO - Stored IT-North 2025-06-12
2025-06-20 12:41:03,937 - INFO - IT-North: 202506130000 \u2192 202506140000
2025-06-20 12:41:04,267 - INFO - Stored IT-North 2025-06-13
2025-06-20 12:41:04,268 - INFO - IT-North: 202506140000 \u2192 202506150000
2025-06-20 12:41:04,618 - INFO - Stored IT-North 2025-06-14
2025-06-20 12:41:04,618 - INFO - IT-North: 202506150000 \u2192 202506160000
2025-06-20 12:41:04,949 - INFO - Stored IT-North 2025-06-15
2025-06-20 12:41:04,949 - INFO - IT-North: 202506160000 \u2192 202506170000
2025-06-20 12:41:05,266 - INFO - Stored IT-North 2025-06-16
2025-06-20 12:41:05,266 - INFO - IT-North: 202506170000 \u2192 202506180000
2025-06-20 12:41:05,583 - INFO - Stored IT-North 2025-06-17
2025-06-20 12:41:05,583 - INFO - IT-North: 202506180000 \u2192 202506190000
2025-06-20 12:41:05,897 - INFO - Stored IT-North 2025-06-18
2025-06-20 12:41:05,897 - INFO - IT-North: 202506190000 \u2192 202506200000
2025-06-20 12:41:06,240 - INFO - Stored IT-North 2025-06-19
2025-06-20 12:41:06,240 - INFO - IT-North: 202506200000 \u2192 202506201039
2025-06-20 12:41:06,350 - WARNING - [GEN] HTTP 400: <?xml version="1.0" encoding="UTF-8"?>
<Acknowledgement_MarketDocument
	xmlns="urn:iec62325.351:tc57wg16:451-1:acknowledgementdocument:7:0">
	<mRID>ddec34c6-9015-4</mRID>
	<createdDateTime>2025-06-20T10:41:02Z</createdDateTime>

	<sender_MarketParticipant.mRID codingScheme="A01">10X1001A1001A450</se
2025-06-20 12:41:06,559 - INFO - Stored IT-North 2025-06-20
2025-06-20 12:41:06,559 - INFO - Start processing IT-SACOAC
2025-06-20 12:41:06,560 - INFO - IT-SACOAC: 202506010000 \u2192 202506020000
2025-06-20 12:41:06,844 - INFO - Stored IT-SACOAC 2025-06-01
2025-06-20 12:41:06,845 - INFO - IT-SACOAC: 202506020000 \u2192 202506030000
2025-06-20 12:41:07,121 - INFO - Stored IT-SACOAC 2025-06-02
2025-06-20 12:41:07,121 - INFO - IT-SACOAC: 202506030000 \u2192 202506040000
2025-06-20 12:41:07,412 - INFO - Stored IT-SACOAC 2025-06-03
2025-06-20 12:41:07,412 - INFO - IT-SACOAC: 202506040000 \u2192 202506050000
2025-06-20 12:41:07,689 - INFO - Stored IT-SACOAC 2025-06-04
2025-06-20 12:41:07,689 - INFO - IT-SACOAC: 202506050000 \u2192 202506060000
2025-06-20 12:41:07,965 - INFO - Stored IT-SACOAC 2025-06-05
2025-06-20 12:41:07,966 - INFO - IT-SACOAC: 202506060000 \u2192 202506070000
2025-06-20 12:41:08,241 - INFO - Stored IT-SACOAC 2025-06-06
2025-06-20 12:41:08,241 - INFO - IT-SACOAC: 202506070000 \u2192 202506080000
2025-06-20 12:41:08,524 - INFO - Stored IT-SACOAC 2025-06-07
2025-06-20 12:41:08,524 - INFO - IT-SACOAC: 202506080000 \u2192 202506090000
2025-06-20 12:41:08,806 - INFO - Stored IT-SACOAC 2025-06-08
2025-06-20 12:41:08,806 - INFO - IT-SACOAC: 202506090000 \u2192 202506100000
2025-06-20 12:41:09,084 - INFO - Stored IT-SACOAC 2025-06-09
2025-06-20 12:41:09,084 - INFO - IT-SACOAC: 202506100000 \u2192 202506110000
2025-06-20 12:41:09,395 - INFO - Stored IT-SACOAC 2025-06-10
2025-06-20 12:41:09,395 - INFO - IT-SACOAC: 202506110000 \u2192 202506120000
2025-06-20 12:41:09,679 - INFO - Stored IT-SACOAC 2025-06-11
2025-06-20 12:41:09,679 - INFO - IT-SACOAC: 202506120000 \u2192 202506130000
2025-06-20 12:41:09,945 - INFO - Stored IT-SACOAC 2025-06-12
2025-06-20 12:41:09,945 - INFO - IT-SACOAC: 202506130000 \u2192 202506140000
2025-06-20 12:41:10,244 - INFO - Stored IT-SACOAC 2025-06-13
2025-06-20 12:41:10,245 - INFO - IT-SACOAC: 202506140000 \u2192 202506150000
2025-06-20 12:41:10,522 - INFO - Stored IT-SACOAC 2025-06-14
2025-06-20 12:41:10,523 - INFO - IT-SACOAC: 202506150000 \u2192 202506160000
2025-06-20 12:41:10,798 - INFO - Stored IT-SACOAC 2025-06-15
2025-06-20 12:41:10,798 - INFO - IT-SACOAC: 202506160000 \u2192 202506170000
2025-06-20 12:41:11,082 - INFO - Stored IT-SACOAC 2025-06-16
2025-06-20 12:41:11,082 - INFO - IT-SACOAC: 202506170000 \u2192 202506180000
2025-06-20 12:41:11,394 - INFO - Stored IT-SACOAC 2025-06-17
2025-06-20 12:41:11,394 - INFO - IT-SACOAC: 202506180000 \u2192 202506190000
2025-06-20 12:41:11,671 - INFO - Stored IT-SACOAC 2025-06-18
2025-06-20 12:41:11,671 - INFO - IT-SACOAC: 202506190000 \u2192 202506200000
2025-06-20 12:41:11,965 - INFO - Stored IT-SACOAC 2025-06-19
2025-06-20 12:41:11,966 - INFO - IT-SACOAC: 202506200000 \u2192 202506201039
2025-06-20 12:41:12,071 - WARNING - [GEN] HTTP 400: <?xml version="1.0" encoding="UTF-8"?>
<Acknowledgement_MarketDocument
	xmlns="urn:iec62325.351:tc57wg16:451-1:acknowledgementdocument:7:0">
	<mRID>286d75a3-302c-4</mRID>
	<createdDateTime>2025-06-20T10:41:08Z</createdDateTime>

	<sender_MarketParticipant.mRID codingScheme="A01">10X1001A1001A450</se
2025-06-20 12:41:12,244 - INFO - Stored IT-SACOAC 2025-06-20
2025-06-20 12:41:12,244 - INFO - Start processing IT-SACODC
2025-06-20 12:41:12,245 - INFO - IT-SACODC: 202506010000 \u2192 202506020000
2025-06-20 12:41:12,539 - INFO - Stored IT-SACODC 2025-06-01
2025-06-20 12:41:12,539 - INFO - IT-SACODC: 202506020000 \u2192 202506030000
2025-06-20 12:41:12,797 - INFO - Stored IT-SACODC 2025-06-02
2025-06-20 12:41:12,797 - INFO - IT-SACODC: 202506030000 \u2192 202506040000
2025-06-20 12:41:13,066 - INFO - Stored IT-SACODC 2025-06-03
2025-06-20 12:41:13,067 - INFO - IT-SACODC: 202506040000 \u2192 202506050000
2025-06-20 12:41:13,434 - INFO - Stored IT-SACODC 2025-06-04
2025-06-20 12:41:13,435 - INFO - IT-SACODC: 202506050000 \u2192 202506060000
2025-06-20 12:41:13,741 - INFO - Stored IT-SACODC 2025-06-05
2025-06-20 12:41:13,741 - INFO - IT-SACODC: 202506060000 \u2192 202506070000
2025-06-20 12:41:14,062 - INFO - Stored IT-SACODC 2025-06-06
2025-06-20 12:41:14,062 - INFO - IT-SACODC: 202506070000 \u2192 202506080000
2025-06-20 12:41:14,364 - INFO - Stored IT-SACODC 2025-06-07
2025-06-20 12:41:14,365 - INFO - IT-SACODC: 202506080000 \u2192 202506090000
2025-06-20 12:41:14,671 - INFO - Stored IT-SACODC 2025-06-08
2025-06-20 12:41:14,671 - INFO - IT-SACODC: 202506090000 \u2192 202506100000
2025-06-20 12:41:14,932 - INFO - Stored IT-SACODC 2025-06-09
2025-06-20 12:41:14,932 - INFO - IT-SACODC: 202506100000 \u2192 202506110000
2025-06-20 12:41:15,202 - INFO - Stored IT-SACODC 2025-06-10
2025-06-20 12:41:15,203 - INFO - IT-SACODC: 202506110000 \u2192 202506120000
2025-06-20 12:41:15,479 - INFO - Stored IT-SACODC 2025-06-11
2025-06-20 12:41:15,479 - INFO - IT-SACODC: 202506120000 \u2192 202506130000
2025-06-20 12:41:15,781 - INFO - Stored IT-SACODC 2025-06-12
2025-06-20 12:41:15,781 - INFO - IT-SACODC: 202506130000 \u2192 202506140000
2025-06-20 12:41:16,057 - INFO - Stored IT-SACODC 2025-06-13
2025-06-20 12:41:16,058 - INFO - IT-SACODC: 202506140000 \u2192 202506150000
2025-06-20 12:41:16,337 - INFO - Stored IT-SACODC 2025-06-14
2025-06-20 12:41:16,338 - INFO - IT-SACODC: 202506150000 \u2192 202506160000
2025-06-20 12:41:16,606 - INFO - Stored IT-SACODC 2025-06-15
2025-06-20 12:41:16,606 - INFO - IT-SACODC: 202506160000 \u2192 202506170000
2025-06-20 12:41:16,881 - INFO - Stored IT-SACODC 2025-06-16
2025-06-20 12:41:16,881 - INFO - IT-SACODC: 202506170000 \u2192 202506180000
2025-06-20 12:41:17,183 - INFO - Stored IT-SACODC 2025-06-17
2025-06-20 12:41:17,183 - INFO - IT-SACODC: 202506180000 \u2192 202506190000
2025-06-20 12:41:17,449 - INFO - Stored IT-SACODC 2025-06-18
2025-06-20 12:41:17,449 - INFO - IT-SACODC: 202506190000 \u2192 202506200000
2025-06-20 12:41:17,713 - INFO - Stored IT-SACODC 2025-06-19
2025-06-20 12:41:17,714 - INFO - IT-SACODC: 202506200000 \u2192 202506201039
2025-06-20 12:41:17,822 - WARNING - [GEN] HTTP 400: <?xml version="1.0" encoding="UTF-8"?>
<Acknowledgement_MarketDocument
	xmlns="urn:iec62325.351:tc57wg16:451-1:acknowledgementdocument:7:0">
	<mRID>3959cafb-61c6-4</mRID>
	<createdDateTime>2025-06-20T10:41:14Z</createdDateTime>

	<sender_MarketParticipant.mRID codingScheme="A01">10X1001A1001A450</se
2025-06-20 12:41:17,978 - INFO - Stored IT-SACODC 2025-06-20
2025-06-20 12:41:17,978 - INFO - Start processing IT-Sardinia
2025-06-20 12:41:17,978 - INFO - IT-Sardinia: 202506010000 \u2192 202506020000
2025-06-20 12:41:18,304 - INFO - Stored IT-Sardinia 2025-06-01
2025-06-20 12:41:18,304 - INFO - IT-Sardinia: 202506020000 \u2192 202506030000
2025-06-20 12:41:18,645 - INFO - Stored IT-Sardinia 2025-06-02
2025-06-20 12:41:18,645 - INFO - IT-Sardinia: 202506030000 \u2192 202506040000
2025-06-20 12:41:19,263 - INFO - Stored IT-Sardinia 2025-06-03
2025-06-20 12:41:19,263 - INFO - IT-Sardinia: 202506040000 \u2192 202506050000
2025-06-20 12:41:19,605 - INFO - Stored IT-Sardinia 2025-06-04
2025-06-20 12:41:19,605 - INFO - IT-Sardinia: 202506050000 \u2192 202506060000
2025-06-20 12:41:19,902 - INFO - Stored IT-Sardinia 2025-06-05
2025-06-20 12:41:19,902 - INFO - IT-Sardinia: 202506060000 \u2192 202506070000
2025-06-20 12:41:20,228 - INFO - Stored IT-Sardinia 2025-06-06
2025-06-20 12:41:20,228 - INFO - IT-Sardinia: 202506070000 \u2192 202506080000
2025-06-20 12:41:20,598 - INFO - Stored IT-Sardinia 2025-06-07
2025-06-20 12:41:20,598 - INFO - IT-Sardinia: 202506080000 \u2192 202506090000
2025-06-20 12:41:20,906 - INFO - Stored IT-Sardinia 2025-06-08
2025-06-20 12:41:20,906 - INFO - IT-Sardinia: 202506090000 \u2192 202506100000
2025-06-20 12:41:21,217 - INFO - Stored IT-Sardinia 2025-06-09
2025-06-20 12:41:21,217 - INFO - IT-Sardinia: 202506100000 \u2192 202506110000
2025-06-20 12:41:21,529 - INFO - Stored IT-Sardinia 2025-06-10
2025-06-20 12:41:21,529 - INFO - IT-Sardinia: 202506110000 \u2192 202506120000
2025-06-20 12:41:21,843 - INFO - Stored IT-Sardinia 2025-06-11
2025-06-20 12:41:21,843 - INFO - IT-Sardinia: 202506120000 \u2192 202506130000
2025-06-20 12:41:22,154 - INFO - Stored IT-Sardinia 2025-06-12
2025-06-20 12:41:22,154 - INFO - IT-Sardinia: 202506130000 \u2192 202506140000
2025-06-20 12:41:22,467 - INFO - Stored IT-Sardinia 2025-06-13
2025-06-20 12:41:22,467 - INFO - IT-Sardinia: 202506140000 \u2192 202506150000
2025-06-20 12:41:22,765 - INFO - Stored IT-Sardinia 2025-06-14
2025-06-20 12:41:22,766 - INFO - IT-Sardinia: 202506150000 \u2192 202506160000
2025-06-20 12:41:23,082 - INFO - Stored IT-Sardinia 2025-06-15
2025-06-20 12:41:23,083 - INFO - IT-Sardinia: 202506160000 \u2192 202506170000
2025-06-20 12:41:23,553 - INFO - Stored IT-Sardinia 2025-06-16
2025-06-20 12:41:23,553 - INFO - IT-Sardinia: 202506170000 \u2192 202506180000
2025-06-20 12:41:23,870 - INFO - Stored IT-Sardinia 2025-06-17
2025-06-20 12:41:23,870 - INFO - IT-Sardinia: 202506180000 \u2192 202506190000
2025-06-20 12:41:24,173 - INFO - Stored IT-Sardinia 2025-06-18
2025-06-20 12:41:24,173 - INFO - IT-Sardinia: 202506190000 \u2192 202506200000
2025-06-20 12:41:24,505 - INFO - Stored IT-Sardinia 2025-06-19
2025-06-20 12:41:24,505 - INFO - IT-Sardinia: 202506200000 \u2192 202506201039
2025-06-20 12:41:24,611 - WARNING - [GEN] HTTP 400: <?xml version="1.0" encoding="UTF-8"?>
<Acknowledgement_MarketDocument
	xmlns="urn:iec62325.351:tc57wg16:451-1:acknowledgementdocument:7:0">
	<mRID>fa20761d-9805-4</mRID>
	<createdDateTime>2025-06-20T10:41:21Z</createdDateTime>

	<sender_MarketParticipant.mRID codingScheme="A01">10X1001A1001A450</se
2025-06-20 12:41:24,775 - INFO - Stored IT-Sardinia 2025-06-20
2025-06-20 12:41:24,775 - INFO - Start processing IT-Sicily
2025-06-20 12:41:24,775 - INFO - IT-Sicily: 202506010000 \u2192 202506020000
2025-06-20 12:41:25,090 - INFO - Stored IT-Sicily 2025-06-01
2025-06-20 12:41:25,090 - INFO - IT-Sicily: 202506020000 \u2192 202506030000
2025-06-20 12:41:25,396 - INFO - Stored IT-Sicily 2025-06-02
2025-06-20 12:41:25,396 - INFO - IT-Sicily: 202506030000 \u2192 202506040000
2025-06-20 12:41:25,726 - INFO - Stored IT-Sicily 2025-06-03
2025-06-20 12:41:25,726 - INFO - IT-Sicily: 202506040000 \u2192 202506050000
2025-06-20 12:41:26,025 - INFO - Stored IT-Sicily 2025-06-04
2025-06-20 12:41:26,025 - INFO - IT-Sicily: 202506050000 \u2192 202506060000
2025-06-20 12:41:26,525 - INFO - Stored IT-Sicily 2025-06-05
2025-06-20 12:41:26,526 - INFO - IT-Sicily: 202506060000 \u2192 202506070000
2025-06-20 12:41:26,840 - INFO - Stored IT-Sicily 2025-06-06
2025-06-20 12:41:26,840 - INFO - IT-Sicily: 202506070000 \u2192 202506080000
2025-06-20 12:41:27,145 - INFO - Stored IT-Sicily 2025-06-07
2025-06-20 12:41:27,145 - INFO - IT-Sicily: 202506080000 \u2192 202506090000
2025-06-20 12:41:27,472 - INFO - Stored IT-Sicily 2025-06-08
2025-06-20 12:41:27,472 - INFO - IT-Sicily: 202506090000 \u2192 202506100000
2025-06-20 12:41:27,786 - INFO - Stored IT-Sicily 2025-06-09
2025-06-20 12:41:27,786 - INFO - IT-Sicily: 202506100000 \u2192 202506110000
2025-06-20 12:41:28,100 - INFO - Stored IT-Sicily 2025-06-10
2025-06-20 12:41:28,100 - INFO - IT-Sicily: 202506110000 \u2192 202506120000
2025-06-20 12:41:28,406 - INFO - Stored IT-Sicily 2025-06-11
2025-06-20 12:41:28,406 - INFO - IT-Sicily: 202506120000 \u2192 202506130000
2025-06-20 12:41:28,749 - INFO - Stored IT-Sicily 2025-06-12
2025-06-20 12:41:28,749 - INFO - IT-Sicily: 202506130000 \u2192 202506140000
2025-06-20 12:41:29,043 - INFO - Stored IT-Sicily 2025-06-13
2025-06-20 12:41:29,043 - INFO - IT-Sicily: 202506140000 \u2192 202506150000
2025-06-20 12:41:29,356 - INFO - Stored IT-Sicily 2025-06-14
2025-06-20 12:41:29,357 - INFO - IT-Sicily: 202506150000 \u2192 202506160000
2025-06-20 12:41:29,664 - INFO - Stored IT-Sicily 2025-06-15
2025-06-20 12:41:29,664 - INFO - IT-Sicily: 202506160000 \u2192 202506170000
2025-06-20 12:41:29,997 - INFO - Stored IT-Sicily 2025-06-16
2025-06-20 12:41:29,997 - INFO - IT-Sicily: 202506170000 \u2192 202506180000
2025-06-20 12:41:30,301 - INFO - Stored IT-Sicily 2025-06-17
2025-06-20 12:41:30,301 - INFO - IT-Sicily: 202506180000 \u2192 202506190000
2025-06-20 12:41:30,625 - INFO - Stored IT-Sicily 2025-06-18
2025-06-20 12:41:30,625 - INFO - IT-Sicily: 202506190000 \u2192 202506200000
2025-06-20 12:41:30,957 - INFO - Stored IT-Sicily 2025-06-19
2025-06-20 12:41:30,957 - INFO - IT-Sicily: 202506200000 \u2192 202506201039
2025-06-20 12:41:31,073 - WARNING - [GEN] HTTP 400: <?xml version="1.0" encoding="UTF-8"?>
<Acknowledgement_MarketDocument
	xmlns="urn:iec62325.351:tc57wg16:451-1:acknowledgementdocument:7:0">
	<mRID>bbe58954-9487-4</mRID>
	<createdDateTime>2025-06-20T10:41:27Z</createdDateTime>

	<sender_MarketParticipant.mRID codingScheme="A01">10X1001A1001A450</se
2025-06-20 12:41:31,243 - INFO - Stored IT-Sicily 2025-06-20
2025-06-20 12:41:31,244 - INFO - Start processing IT-South
2025-06-20 12:41:31,244 - INFO - IT-South: 202506010000 \u2192 202506020000
2025-06-20 12:41:31,549 - INFO - Stored IT-South 2025-06-01
2025-06-20 12:41:31,549 - INFO - IT-South: 202506020000 \u2192 202506030000
2025-06-20 12:41:31,845 - INFO - Stored IT-South 2025-06-02
2025-06-20 12:41:31,846 - INFO - IT-South: 202506030000 \u2192 202506040000
2025-06-20 12:41:32,190 - INFO - Stored IT-South 2025-06-03
2025-06-20 12:41:32,190 - INFO - IT-South: 202506040000 \u2192 202506050000
2025-06-20 12:41:32,516 - INFO - Stored IT-South 2025-06-04
2025-06-20 12:41:32,516 - INFO - IT-South: 202506050000 \u2192 202506060000
2025-06-20 12:41:32,827 - INFO - Stored IT-South 2025-06-05
2025-06-20 12:41:32,827 - INFO - IT-South: 202506060000 \u2192 202506070000
2025-06-20 12:41:33,138 - INFO - Stored IT-South 2025-06-06
2025-06-20 12:41:33,139 - INFO - IT-South: 202506070000 \u2192 202506080000
2025-06-20 12:41:33,487 - INFO - Stored IT-South 2025-06-07
2025-06-20 12:41:33,488 - INFO - IT-South: 202506080000 \u2192 202506090000
2025-06-20 12:41:33,818 - INFO - Stored IT-South 2025-06-08
2025-06-20 12:41:33,818 - INFO - IT-South: 202506090000 \u2192 202506100000
2025-06-20 12:41:34,140 - INFO - Stored IT-South 2025-06-09
2025-06-20 12:41:34,140 - INFO - IT-South: 202506100000 \u2192 202506110000
2025-06-20 12:41:34,448 - INFO - Stored IT-South 2025-06-10
2025-06-20 12:41:34,448 - INFO - IT-South: 202506110000 \u2192 202506120000
2025-06-20 12:41:34,747 - INFO - Stored IT-South 2025-06-11
2025-06-20 12:41:34,748 - INFO - IT-South: 202506120000 \u2192 202506130000
2025-06-20 12:41:35,088 - INFO - Stored IT-South 2025-06-12
2025-06-20 12:41:35,088 - INFO - IT-South: 202506130000 \u2192 202506140000
2025-06-20 12:41:35,417 - INFO - Stored IT-South 2025-06-13
2025-06-20 12:41:35,417 - INFO - IT-South: 202506140000 \u2192 202506150000
2025-06-20 12:41:35,708 - INFO - Stored IT-South 2025-06-14
2025-06-20 12:41:35,709 - INFO - IT-South: 202506150000 \u2192 202506160000
2025-06-20 12:41:36,016 - INFO - Stored IT-South 2025-06-15
2025-06-20 12:41:36,016 - INFO - IT-South: 202506160000 \u2192 202506170000
2025-06-20 12:41:36,325 - INFO - Stored IT-South 2025-06-16
2025-06-20 12:41:36,326 - INFO - IT-South: 202506170000 \u2192 202506180000
2025-06-20 12:41:36,629 - INFO - Stored IT-South 2025-06-17
2025-06-20 12:41:36,629 - INFO - IT-South: 202506180000 \u2192 202506190000
2025-06-20 12:41:36,957 - INFO - Stored IT-South 2025-06-18
2025-06-20 12:41:36,957 - INFO - IT-South: 202506190000 \u2192 202506200000
2025-06-20 12:41:37,326 - INFO - Stored IT-South 2025-06-19
2025-06-20 12:41:37,326 - INFO - IT-South: 202506200000 \u2192 202506201039
2025-06-20 12:41:37,445 - WARNING - [GEN] HTTP 400: <?xml version="1.0" encoding="UTF-8"?>
<Acknowledgement_MarketDocument
	xmlns="urn:iec62325.351:tc57wg16:451-1:acknowledgementdocument:7:0">
	<mRID>70c11709-173d-4</mRID>
	<createdDateTime>2025-06-20T10:41:34Z</createdDateTime>

	<sender_MarketParticipant.mRID codingScheme="A01">10X1001A1001A450</se
2025-06-20 12:41:37,632 - INFO - Stored IT-South 2025-06-20
2025-06-20 12:41:37,632 - INFO - Start processing LT
2025-06-20 12:41:37,632 - INFO - LT: 202506010000 \u2192 202506020000
2025-06-20 12:41:37,970 - INFO - Stored LT 2025-06-01
2025-06-20 12:41:37,970 - INFO - LT: 202506020000 \u2192 202506030000
2025-06-20 12:41:38,264 - INFO - Stored LT 2025-06-02
2025-06-20 12:41:38,265 - INFO - LT: 202506030000 \u2192 202506040000
2025-06-20 12:41:38,639 - INFO - Stored LT 2025-06-03
2025-06-20 12:41:38,640 - INFO - LT: 202506040000 \u2192 202506050000
2025-06-20 12:41:38,951 - INFO - Stored LT 2025-06-04
2025-06-20 12:41:38,951 - INFO - LT: 202506050000 \u2192 202506060000
2025-06-20 12:41:39,251 - INFO - Stored LT 2025-06-05
2025-06-20 12:41:39,251 - INFO - LT: 202506060000 \u2192 202506070000
2025-06-20 12:41:39,568 - INFO - Stored LT 2025-06-06
2025-06-20 12:41:39,568 - INFO - LT: 202506070000 \u2192 202506080000
2025-06-20 12:41:39,883 - INFO - Stored LT 2025-06-07
2025-06-20 12:41:39,884 - INFO - LT: 202506080000 \u2192 202506090000
2025-06-20 12:41:40,181 - INFO - Stored LT 2025-06-08
2025-06-20 12:41:40,182 - INFO - LT: 202506090000 \u2192 202506100000
2025-06-20 12:41:40,499 - INFO - Stored LT 2025-06-09
2025-06-20 12:41:40,499 - INFO - LT: 202506100000 \u2192 202506110000
2025-06-20 12:41:40,823 - INFO - Stored LT 2025-06-10
2025-06-20 12:41:40,824 - INFO - LT: 202506110000 \u2192 202506120000
2025-06-20 12:41:41,115 - INFO - Stored LT 2025-06-11
2025-06-20 12:41:41,115 - INFO - LT: 202506120000 \u2192 202506130000
2025-06-20 12:41:41,434 - INFO - Stored LT 2025-06-12
2025-06-20 12:41:41,434 - INFO - LT: 202506130000 \u2192 202506140000
2025-06-20 12:41:41,778 - INFO - Stored LT 2025-06-13
2025-06-20 12:41:41,778 - INFO - LT: 202506140000 \u2192 202506150000
2025-06-20 12:41:42,106 - INFO - Stored LT 2025-06-14
2025-06-20 12:41:42,106 - INFO - LT: 202506150000 \u2192 202506160000
2025-06-20 12:41:42,434 - INFO - Stored LT 2025-06-15
2025-06-20 12:41:42,435 - INFO - LT: 202506160000 \u2192 202506170000
2025-06-20 12:41:42,741 - INFO - Stored LT 2025-06-16
2025-06-20 12:41:42,742 - INFO - LT: 202506170000 \u2192 202506180000
2025-06-20 12:41:43,042 - INFO - Stored LT 2025-06-17
2025-06-20 12:41:43,042 - INFO - LT: 202506180000 \u2192 202506190000
2025-06-20 12:41:43,343 - INFO - Stored LT 2025-06-18
2025-06-20 12:41:43,343 - INFO - LT: 202506190000 \u2192 202506200000
2025-06-20 12:41:43,665 - INFO - Stored LT 2025-06-19
2025-06-20 12:41:43,665 - INFO - LT: 202506200000 \u2192 202506201039
2025-06-20 12:41:43,774 - WARNING - [GEN] HTTP 400: <?xml version="1.0" encoding="UTF-8"?>
<Acknowledgement_MarketDocument
	xmlns="urn:iec62325.351:tc57wg16:451-1:acknowledgementdocument:7:0">
	<mRID>0872eb5b-2d6c-4</mRID>
	<createdDateTime>2025-06-20T10:41:40Z</createdDateTime>

	<sender_MarketParticipant.mRID codingScheme="A01">10X1001A1001A450</se
2025-06-20 12:41:43,949 - INFO - Stored LT 2025-06-20
2025-06-20 12:41:43,949 - INFO - Start processing LV
2025-06-20 12:41:43,950 - INFO - LV: 202506010000 \u2192 202506020000
2025-06-20 12:41:44,265 - INFO - Stored LV 2025-06-01
2025-06-20 12:41:44,266 - INFO - LV: 202506020000 \u2192 202506030000
2025-06-20 12:41:44,608 - INFO - Stored LV 2025-06-02
2025-06-20 12:41:44,608 - INFO - LV: 202506030000 \u2192 202506040000
2025-06-20 12:41:44,887 - INFO - Stored LV 2025-06-03
2025-06-20 12:41:44,888 - INFO - LV: 202506040000 \u2192 202506050000
2025-06-20 12:41:45,181 - INFO - Stored LV 2025-06-04
2025-06-20 12:41:45,181 - INFO - LV: 202506050000 \u2192 202506060000
2025-06-20 12:41:45,474 - INFO - Stored LV 2025-06-05
2025-06-20 12:41:45,474 - INFO - LV: 202506060000 \u2192 202506070000
2025-06-20 12:41:45,920 - INFO - Stored LV 2025-06-06
2025-06-20 12:41:45,920 - INFO - LV: 202506070000 \u2192 202506080000
2025-06-20 12:41:46,209 - INFO - Stored LV 2025-06-07
2025-06-20 12:41:46,209 - INFO - LV: 202506080000 \u2192 202506090000
2025-06-20 12:41:46,527 - INFO - Stored LV 2025-06-08
2025-06-20 12:41:46,527 - INFO - LV: 202506090000 \u2192 202506100000
2025-06-20 12:41:46,797 - INFO - Stored LV 2025-06-09
2025-06-20 12:41:46,798 - INFO - LV: 202506100000 \u2192 202506110000
2025-06-20 12:41:47,080 - INFO - Stored LV 2025-06-10
2025-06-20 12:41:47,080 - INFO - LV: 202506110000 \u2192 202506120000
2025-06-20 12:41:47,393 - INFO - Stored LV 2025-06-11
2025-06-20 12:41:47,393 - INFO - LV: 202506120000 \u2192 202506130000
2025-06-20 12:41:47,689 - INFO - Stored LV 2025-06-12
2025-06-20 12:41:47,689 - INFO - LV: 202506130000 \u2192 202506140000
2025-06-20 12:41:47,971 - INFO - Stored LV 2025-06-13
2025-06-20 12:41:47,972 - INFO - LV: 202506140000 \u2192 202506150000
2025-06-20 12:41:48,252 - INFO - Stored LV 2025-06-14
2025-06-20 12:41:48,252 - INFO - LV: 202506150000 \u2192 202506160000
2025-06-20 12:41:48,568 - INFO - Stored LV 2025-06-15
2025-06-20 12:41:48,569 - INFO - LV: 202506160000 \u2192 202506170000
2025-06-20 12:41:48,859 - INFO - Stored LV 2025-06-16
2025-06-20 12:41:48,859 - INFO - LV: 202506170000 \u2192 202506180000
2025-06-20 12:41:49,146 - INFO - Stored LV 2025-06-17
2025-06-20 12:41:49,147 - INFO - LV: 202506180000 \u2192 202506190000
2025-06-20 12:41:49,463 - INFO - Stored LV 2025-06-18
2025-06-20 12:41:49,463 - INFO - LV: 202506190000 \u2192 202506200000
2025-06-20 12:41:49,745 - INFO - Stored LV 2025-06-19
2025-06-20 12:41:49,745 - INFO - LV: 202506200000 \u2192 202506201039
2025-06-20 12:41:49,849 - WARNING - [GEN] HTTP 400: <?xml version="1.0" encoding="UTF-8"?>
<Acknowledgement_MarketDocument
	xmlns="urn:iec62325.351:tc57wg16:451-1:acknowledgementdocument:7:0">
	<mRID>5dcdfe01-663b-4</mRID>
	<createdDateTime>2025-06-20T10:41:46Z</createdDateTime>

	<sender_MarketParticipant.mRID codingScheme="A01">10X1001A1001A450</se
2025-06-20 12:41:50,009 - INFO - Stored LV 2025-06-20
2025-06-20 12:41:50,010 - INFO - Start processing NL
2025-06-20 12:41:50,010 - INFO - NL: 202506010000 \u2192 202506020000
2025-06-20 12:41:50,347 - INFO - Stored NL 2025-06-01
2025-06-20 12:41:50,347 - INFO - NL: 202506020000 \u2192 202506030000
2025-06-20 12:41:50,665 - INFO - Stored NL 2025-06-02
2025-06-20 12:41:50,665 - INFO - NL: 202506030000 \u2192 202506040000
2025-06-20 12:41:50,998 - INFO - Stored NL 2025-06-03
2025-06-20 12:41:50,998 - INFO - NL: 202506040000 \u2192 202506050000
2025-06-20 12:41:51,533 - INFO - Stored NL 2025-06-04
2025-06-20 12:41:51,533 - INFO - NL: 202506050000 \u2192 202506060000
2025-06-20 12:41:51,870 - INFO - Stored NL 2025-06-05
2025-06-20 12:41:51,870 - INFO - NL: 202506060000 \u2192 202506070000
2025-06-20 12:41:52,191 - INFO - Stored NL 2025-06-06
2025-06-20 12:41:52,191 - INFO - NL: 202506070000 \u2192 202506080000
2025-06-20 12:41:52,531 - INFO - Stored NL 2025-06-07
2025-06-20 12:41:52,531 - INFO - NL: 202506080000 \u2192 202506090000
2025-06-20 12:41:52,885 - INFO - Stored NL 2025-06-08
2025-06-20 12:41:52,885 - INFO - NL: 202506090000 \u2192 202506100000
2025-06-20 12:41:53,206 - INFO - Stored NL 2025-06-09
2025-06-20 12:41:53,206 - INFO - NL: 202506100000 \u2192 202506110000
2025-06-20 12:41:53,539 - INFO - Stored NL 2025-06-10
2025-06-20 12:41:53,539 - INFO - NL: 202506110000 \u2192 202506120000
2025-06-20 12:41:53,851 - INFO - Stored NL 2025-06-11
2025-06-20 12:41:53,851 - INFO - NL: 202506120000 \u2192 202506130000
2025-06-20 12:41:54,158 - INFO - Stored NL 2025-06-12
2025-06-20 12:41:54,158 - INFO - NL: 202506130000 \u2192 202506140000
2025-06-20 12:41:54,483 - INFO - Stored NL 2025-06-13
2025-06-20 12:41:54,483 - INFO - NL: 202506140000 \u2192 202506150000
2025-06-20 12:41:54,806 - INFO - Stored NL 2025-06-14
2025-06-20 12:41:54,806 - INFO - NL: 202506150000 \u2192 202506160000
2025-06-20 12:41:55,136 - INFO - Stored NL 2025-06-15
2025-06-20 12:41:55,136 - INFO - NL: 202506160000 \u2192 202506170000
2025-06-20 12:41:55,453 - INFO - Stored NL 2025-06-16
2025-06-20 12:41:55,453 - INFO - NL: 202506170000 \u2192 202506180000
2025-06-20 12:41:55,759 - INFO - Stored NL 2025-06-17
2025-06-20 12:41:55,759 - INFO - NL: 202506180000 \u2192 202506190000
2025-06-20 12:41:56,072 - INFO - Stored NL 2025-06-18
2025-06-20 12:41:56,072 - INFO - NL: 202506190000 \u2192 202506200000
2025-06-20 12:41:56,389 - INFO - Stored NL 2025-06-19
2025-06-20 12:41:56,389 - INFO - NL: 202506200000 \u2192 202506201039
2025-06-20 12:41:56,499 - WARNING - [GEN] HTTP 400: <?xml version="1.0" encoding="UTF-8"?>
<Acknowledgement_MarketDocument
	xmlns="urn:iec62325.351:tc57wg16:451-1:acknowledgementdocument:7:0">
	<mRID>982dbd9e-3ce0-4</mRID>
	<createdDateTime>2025-06-20T10:41:53Z</createdDateTime>

	<sender_MarketParticipant.mRID codingScheme="A01">10X1001A1001A450</se
2025-06-20 12:41:56,655 - INFO - Stored NL 2025-06-20
2025-06-20 12:41:56,656 - INFO - Start processing PL
2025-06-20 12:41:56,656 - INFO - PL: 202506010000 \u2192 202506020000
2025-06-20 12:41:56,968 - INFO - Stored PL 2025-06-01
2025-06-20 12:41:56,968 - INFO - PL: 202506020000 \u2192 202506030000
2025-06-20 12:41:57,258 - INFO - Stored PL 2025-06-02
2025-06-20 12:41:57,258 - INFO - PL: 202506030000 \u2192 202506040000
2025-06-20 12:41:57,541 - INFO - Stored PL 2025-06-03
2025-06-20 12:41:57,542 - INFO - PL: 202506040000 \u2192 202506050000
2025-06-20 12:41:57,833 - INFO - Stored PL 2025-06-04
2025-06-20 12:41:57,833 - INFO - PL: 202506050000 \u2192 202506060000
2025-06-20 12:41:58,178 - INFO - Stored PL 2025-06-05
2025-06-20 12:41:58,178 - INFO - PL: 202506060000 \u2192 202506070000
2025-06-20 12:41:58,505 - INFO - Stored PL 2025-06-06
2025-06-20 12:41:58,505 - INFO - PL: 202506070000 \u2192 202506080000
2025-06-20 12:41:58,801 - INFO - Stored PL 2025-06-07
2025-06-20 12:41:58,801 - INFO - PL: 202506080000 \u2192 202506090000
2025-06-20 12:41:59,101 - INFO - Stored PL 2025-06-08
2025-06-20 12:41:59,102 - INFO - PL: 202506090000 \u2192 202506100000
2025-06-20 12:41:59,395 - INFO - Stored PL 2025-06-09
2025-06-20 12:41:59,396 - INFO - PL: 202506100000 \u2192 202506110000
2025-06-20 12:41:59,686 - INFO - Stored PL 2025-06-10
2025-06-20 12:41:59,686 - INFO - PL: 202506110000 \u2192 202506120000
2025-06-20 12:41:59,980 - INFO - Stored PL 2025-06-11
2025-06-20 12:41:59,980 - INFO - PL: 202506120000 \u2192 202506130000
2025-06-20 12:42:00,279 - INFO - Stored PL 2025-06-12
2025-06-20 12:42:00,280 - INFO - PL: 202506130000 \u2192 202506140000
2025-06-20 12:42:00,576 - INFO - Stored PL 2025-06-13
2025-06-20 12:42:00,576 - INFO - PL: 202506140000 \u2192 202506150000
2025-06-20 12:42:00,869 - INFO - Stored PL 2025-06-14
2025-06-20 12:42:00,869 - INFO - PL: 202506150000 \u2192 202506160000
2025-06-20 12:42:01,177 - INFO - Stored PL 2025-06-15
2025-06-20 12:42:01,177 - INFO - PL: 202506160000 \u2192 202506170000
2025-06-20 12:42:01,508 - INFO - Stored PL 2025-06-16
2025-06-20 12:42:01,508 - INFO - PL: 202506170000 \u2192 202506180000
2025-06-20 12:42:01,808 - INFO - Stored PL 2025-06-17
2025-06-20 12:42:01,809 - INFO - PL: 202506180000 \u2192 202506190000
2025-06-20 12:42:02,128 - INFO - Stored PL 2025-06-18
2025-06-20 12:42:02,129 - INFO - PL: 202506190000 \u2192 202506200000
2025-06-20 12:42:02,419 - INFO - Stored PL 2025-06-19
2025-06-20 12:42:02,419 - INFO - PL: 202506200000 \u2192 202506201039
2025-06-20 12:42:02,527 - WARNING - [GEN] HTTP 400: <?xml version="1.0" encoding="UTF-8"?>
<Acknowledgement_MarketDocument
	xmlns="urn:iec62325.351:tc57wg16:451-1:acknowledgementdocument:7:0">
	<mRID>74994086-fe66-4</mRID>
	<createdDateTime>2025-06-20T10:41:59Z</createdDateTime>

	<sender_MarketParticipant.mRID codingScheme="A01">10X1001A1001A450</se
2025-06-20 12:42:02,689 - INFO - Stored PL 2025-06-20
2025-06-20 12:42:02,689 - INFO - Start processing PT
2025-06-20 12:42:02,689 - INFO - PT: 202506010000 \u2192 202506020000
2025-06-20 12:42:02,999 - INFO - Stored PT 2025-06-01
2025-06-20 12:42:02,999 - INFO - PT: 202506020000 \u2192 202506030000
2025-06-20 12:42:03,296 - INFO - Stored PT 2025-06-02
2025-06-20 12:42:03,296 - INFO - PT: 202506030000 \u2192 202506040000
2025-06-20 12:42:03,671 - INFO - Stored PT 2025-06-03
2025-06-20 12:42:03,671 - INFO - PT: 202506040000 \u2192 202506050000
2025-06-20 12:42:03,982 - INFO - Stored PT 2025-06-04
2025-06-20 12:42:03,982 - INFO - PT: 202506050000 \u2192 202506060000
2025-06-20 12:42:04,282 - INFO - Stored PT 2025-06-05
2025-06-20 12:42:04,283 - INFO - PT: 202506060000 \u2192 202506070000
2025-06-20 12:42:04,648 - INFO - Stored PT 2025-06-06
2025-06-20 12:42:04,648 - INFO - PT: 202506070000 \u2192 202506080000
2025-06-20 12:42:04,954 - INFO - Stored PT 2025-06-07
2025-06-20 12:42:04,954 - INFO - PT: 202506080000 \u2192 202506090000
2025-06-20 12:42:05,272 - INFO - Stored PT 2025-06-08
2025-06-20 12:42:05,272 - INFO - PT: 202506090000 \u2192 202506100000
2025-06-20 12:42:05,586 - INFO - Stored PT 2025-06-09
2025-06-20 12:42:05,586 - INFO - PT: 202506100000 \u2192 202506110000
2025-06-20 12:42:05,887 - INFO - Stored PT 2025-06-10
2025-06-20 12:42:05,887 - INFO - PT: 202506110000 \u2192 202506120000
2025-06-20 12:42:06,250 - INFO - Stored PT 2025-06-11
2025-06-20 12:42:06,250 - INFO - PT: 202506120000 \u2192 202506130000
2025-06-20 12:42:06,634 - INFO - Stored PT 2025-06-12
2025-06-20 12:42:06,634 - INFO - PT: 202506130000 \u2192 202506140000
2025-06-20 12:42:06,954 - INFO - Stored PT 2025-06-13
2025-06-20 12:42:06,954 - INFO - PT: 202506140000 \u2192 202506150000
2025-06-20 12:42:07,279 - INFO - Stored PT 2025-06-14
2025-06-20 12:42:07,280 - INFO - PT: 202506150000 \u2192 202506160000
2025-06-20 12:42:07,601 - INFO - Stored PT 2025-06-15
2025-06-20 12:42:07,601 - INFO - PT: 202506160000 \u2192 202506170000
2025-06-20 12:42:08,233 - INFO - Stored PT 2025-06-16
2025-06-20 12:42:08,233 - INFO - PT: 202506170000 \u2192 202506180000
2025-06-20 12:42:08,584 - INFO - Stored PT 2025-06-17
2025-06-20 12:42:08,584 - INFO - PT: 202506180000 \u2192 202506190000
2025-06-20 12:42:08,897 - INFO - Stored PT 2025-06-18
2025-06-20 12:42:08,898 - INFO - PT: 202506190000 \u2192 202506200000
2025-06-20 12:42:09,338 - INFO - Stored PT 2025-06-19
2025-06-20 12:42:09,338 - INFO - PT: 202506200000 \u2192 202506201039
2025-06-20 12:42:09,448 - WARNING - [GEN] HTTP 400: <?xml version="1.0" encoding="UTF-8"?>
<Acknowledgement_MarketDocument
	xmlns="urn:iec62325.351:tc57wg16:451-1:acknowledgementdocument:7:0">
	<mRID>2698abbf-823e-4</mRID>
	<createdDateTime>2025-06-20T10:42:06Z</createdDateTime>

	<sender_MarketParticipant.mRID codingScheme="A01">10X1001A1001A450</se
2025-06-20 12:42:09,612 - INFO - Stored PT 2025-06-20
2025-06-20 12:42:09,613 - INFO - Start processing RO
2025-06-20 12:42:09,613 - INFO - RO: 202506010000 \u2192 202506020000
2025-06-20 12:42:09,917 - INFO - Stored RO 2025-06-01
2025-06-20 12:42:09,918 - INFO - RO: 202506020000 \u2192 202506030000
2025-06-20 12:42:10,228 - INFO - Stored RO 2025-06-02
2025-06-20 12:42:10,229 - INFO - RO: 202506030000 \u2192 202506040000
2025-06-20 12:42:10,539 - INFO - Stored RO 2025-06-03
2025-06-20 12:42:10,539 - INFO - RO: 202506040000 \u2192 202506050000
2025-06-20 12:42:10,853 - INFO - Stored RO 2025-06-04
2025-06-20 12:42:10,853 - INFO - RO: 202506050000 \u2192 202506060000
2025-06-20 12:42:11,149 - INFO - Stored RO 2025-06-05
2025-06-20 12:42:11,150 - INFO - RO: 202506060000 \u2192 202506070000
2025-06-20 12:42:11,454 - INFO - Stored RO 2025-06-06
2025-06-20 12:42:11,454 - INFO - RO: 202506070000 \u2192 202506080000
2025-06-20 12:42:11,761 - INFO - Stored RO 2025-06-07
2025-06-20 12:42:11,762 - INFO - RO: 202506080000 \u2192 202506090000
2025-06-20 12:42:12,070 - INFO - Stored RO 2025-06-08
2025-06-20 12:42:12,070 - INFO - RO: 202506090000 \u2192 202506100000
2025-06-20 12:42:12,366 - INFO - Stored RO 2025-06-09
2025-06-20 12:42:12,367 - INFO - RO: 202506100000 \u2192 202506110000
2025-06-20 12:42:12,673 - INFO - Stored RO 2025-06-10
2025-06-20 12:42:12,673 - INFO - RO: 202506110000 \u2192 202506120000
2025-06-20 12:42:12,978 - INFO - Stored RO 2025-06-11
2025-06-20 12:42:12,978 - INFO - RO: 202506120000 \u2192 202506130000
2025-06-20 12:42:13,276 - INFO - Stored RO 2025-06-12
2025-06-20 12:42:13,276 - INFO - RO: 202506130000 \u2192 202506140000
2025-06-20 12:42:13,621 - INFO - Stored RO 2025-06-13
2025-06-20 12:42:13,621 - INFO - RO: 202506140000 \u2192 202506150000
2025-06-20 12:42:13,968 - INFO - Stored RO 2025-06-14
2025-06-20 12:42:13,968 - INFO - RO: 202506150000 \u2192 202506160000
2025-06-20 12:42:14,277 - INFO - Stored RO 2025-06-15
2025-06-20 12:42:14,278 - INFO - RO: 202506160000 \u2192 202506170000
2025-06-20 12:42:14,583 - INFO - Stored RO 2025-06-16
2025-06-20 12:42:14,583 - INFO - RO: 202506170000 \u2192 202506180000
2025-06-20 12:42:14,997 - INFO - Stored RO 2025-06-17
2025-06-20 12:42:14,997 - INFO - RO: 202506180000 \u2192 202506190000
2025-06-20 12:42:15,326 - INFO - Stored RO 2025-06-18
2025-06-20 12:42:15,326 - INFO - RO: 202506190000 \u2192 202506200000
2025-06-20 12:42:15,632 - INFO - Stored RO 2025-06-19
2025-06-20 12:42:15,632 - INFO - RO: 202506200000 \u2192 202506201039
2025-06-20 12:42:15,742 - WARNING - [GEN] HTTP 400: <?xml version="1.0" encoding="UTF-8"?>
<Acknowledgement_MarketDocument
	xmlns="urn:iec62325.351:tc57wg16:451-1:acknowledgementdocument:7:0">
	<mRID>02b11d22-95d2-4</mRID>
	<createdDateTime>2025-06-20T10:42:12Z</createdDateTime>

	<sender_MarketParticipant.mRID codingScheme="A01">10X1001A1001A450</se
2025-06-20 12:42:15,905 - INFO - Stored RO 2025-06-20
2025-06-20 12:42:15,905 - INFO - Start processing SE1
2025-06-20 12:42:15,905 - INFO - SE1: 202506010000 \u2192 202506020000
2025-06-20 12:42:16,212 - INFO - Stored SE1 2025-06-01
2025-06-20 12:42:16,212 - INFO - SE1: 202506020000 \u2192 202506030000
2025-06-20 12:42:16,508 - INFO - Stored SE1 2025-06-02
2025-06-20 12:42:16,508 - INFO - SE1: 202506030000 \u2192 202506040000
2025-06-20 12:42:16,813 - INFO - Stored SE1 2025-06-03
2025-06-20 12:42:16,813 - INFO - SE1: 202506040000 \u2192 202506050000
2025-06-20 12:42:17,112 - INFO - Stored SE1 2025-06-04
2025-06-20 12:42:17,112 - INFO - SE1: 202506050000 \u2192 202506060000
2025-06-20 12:42:17,406 - INFO - Stored SE1 2025-06-05
2025-06-20 12:42:17,407 - INFO - SE1: 202506060000 \u2192 202506070000
2025-06-20 12:42:17,713 - INFO - Stored SE1 2025-06-06
2025-06-20 12:42:17,713 - INFO - SE1: 202506070000 \u2192 202506080000
2025-06-20 12:42:17,996 - INFO - Stored SE1 2025-06-07
2025-06-20 12:42:17,996 - INFO - SE1: 202506080000 \u2192 202506090000
2025-06-20 12:42:18,290 - INFO - Stored SE1 2025-06-08
2025-06-20 12:42:18,290 - INFO - SE1: 202506090000 \u2192 202506100000
2025-06-20 12:42:18,584 - INFO - Stored SE1 2025-06-09
2025-06-20 12:42:18,585 - INFO - SE1: 202506100000 \u2192 202506110000
2025-06-20 12:42:18,898 - INFO - Stored SE1 2025-06-10
2025-06-20 12:42:18,898 - INFO - SE1: 202506110000 \u2192 202506120000
2025-06-20 12:42:19,187 - INFO - Stored SE1 2025-06-11
2025-06-20 12:42:19,187 - INFO - SE1: 202506120000 \u2192 202506130000
2025-06-20 12:42:19,473 - INFO - Stored SE1 2025-06-12
2025-06-20 12:42:19,473 - INFO - SE1: 202506130000 \u2192 202506140000
2025-06-20 12:42:19,822 - INFO - Stored SE1 2025-06-13
2025-06-20 12:42:19,822 - INFO - SE1: 202506140000 \u2192 202506150000
2025-06-20 12:42:20,111 - INFO - Stored SE1 2025-06-14
2025-06-20 12:42:20,111 - INFO - SE1: 202506150000 \u2192 202506160000
2025-06-20 12:42:20,405 - INFO - Stored SE1 2025-06-15
2025-06-20 12:42:20,406 - INFO - SE1: 202506160000 \u2192 202506170000
2025-06-20 12:42:20,717 - INFO - Stored SE1 2025-06-16
2025-06-20 12:42:20,718 - INFO - SE1: 202506170000 \u2192 202506180000
2025-06-20 12:42:21,019 - INFO - Stored SE1 2025-06-17
2025-06-20 12:42:21,019 - INFO - SE1: 202506180000 \u2192 202506190000
2025-06-20 12:42:21,352 - INFO - Stored SE1 2025-06-18
2025-06-20 12:42:21,352 - INFO - SE1: 202506190000 \u2192 202506200000
2025-06-20 12:42:21,651 - INFO - Stored SE1 2025-06-19
2025-06-20 12:42:21,651 - INFO - SE1: 202506200000 \u2192 202506201039
2025-06-20 12:42:21,774 - WARNING - [GEN] HTTP 400: <?xml version="1.0" encoding="UTF-8"?>
<Acknowledgement_MarketDocument
	xmlns="urn:iec62325.351:tc57wg16:451-1:acknowledgementdocument:7:0">
	<mRID>17f35dc0-2e85-4</mRID>
	<createdDateTime>2025-06-20T10:42:18Z</createdDateTime>

	<sender_MarketParticipant.mRID codingScheme="A01">10X1001A1001A450</se
2025-06-20 12:42:21,946 - INFO - Stored SE1 2025-06-20
2025-06-20 12:42:21,946 - INFO - Start processing SE2
2025-06-20 12:42:21,946 - INFO - SE2: 202506010000 \u2192 202506020000
2025-06-20 12:42:22,227 - INFO - Stored SE2 2025-06-01
2025-06-20 12:42:22,227 - INFO - SE2: 202506020000 \u2192 202506030000
2025-06-20 12:42:22,536 - INFO - Stored SE2 2025-06-02
2025-06-20 12:42:22,536 - INFO - SE2: 202506030000 \u2192 202506040000
2025-06-20 12:42:22,861 - INFO - Stored SE2 2025-06-03
2025-06-20 12:42:22,861 - INFO - SE2: 202506040000 \u2192 202506050000
2025-06-20 12:42:23,163 - INFO - Stored SE2 2025-06-04
2025-06-20 12:42:23,163 - INFO - SE2: 202506050000 \u2192 202506060000
2025-06-20 12:42:23,651 - INFO - Stored SE2 2025-06-05
2025-06-20 12:42:23,651 - INFO - SE2: 202506060000 \u2192 202506070000
2025-06-20 12:42:23,954 - INFO - Stored SE2 2025-06-06
2025-06-20 12:42:23,954 - INFO - SE2: 202506070000 \u2192 202506080000
2025-06-20 12:42:24,242 - INFO - Stored SE2 2025-06-07
2025-06-20 12:42:24,242 - INFO - SE2: 202506080000 \u2192 202506090000
2025-06-20 12:42:24,523 - INFO - Stored SE2 2025-06-08
2025-06-20 12:42:24,524 - INFO - SE2: 202506090000 \u2192 202506100000
2025-06-20 12:42:24,822 - INFO - Stored SE2 2025-06-09
2025-06-20 12:42:24,825 - INFO - SE2: 202506100000 \u2192 202506110000
2025-06-20 12:42:25,122 - INFO - Stored SE2 2025-06-10
2025-06-20 12:42:25,123 - INFO - SE2: 202506110000 \u2192 202506120000
2025-06-20 12:42:25,400 - INFO - Stored SE2 2025-06-11
2025-06-20 12:42:25,400 - INFO - SE2: 202506120000 \u2192 202506130000
2025-06-20 12:42:25,698 - INFO - Stored SE2 2025-06-12
2025-06-20 12:42:25,698 - INFO - SE2: 202506130000 \u2192 202506140000
2025-06-20 12:42:26,004 - INFO - Stored SE2 2025-06-13
2025-06-20 12:42:26,004 - INFO - SE2: 202506140000 \u2192 202506150000
2025-06-20 12:42:26,291 - INFO - Stored SE2 2025-06-14
2025-06-20 12:42:26,292 - INFO - SE2: 202506150000 \u2192 202506160000
2025-06-20 12:42:26,621 - INFO - Stored SE2 2025-06-15
2025-06-20 12:42:26,621 - INFO - SE2: 202506160000 \u2192 202506170000
2025-06-20 12:42:26,931 - INFO - Stored SE2 2025-06-16
2025-06-20 12:42:26,931 - INFO - SE2: 202506170000 \u2192 202506180000
2025-06-20 12:42:27,224 - INFO - Stored SE2 2025-06-17
2025-06-20 12:42:27,224 - INFO - SE2: 202506180000 \u2192 202506190000
2025-06-20 12:42:27,514 - INFO - Stored SE2 2025-06-18
2025-06-20 12:42:27,514 - INFO - SE2: 202506190000 \u2192 202506200000
2025-06-20 12:42:27,820 - INFO - Stored SE2 2025-06-19
2025-06-20 12:42:27,820 - INFO - SE2: 202506200000 \u2192 202506201039
2025-06-20 12:42:27,922 - WARNING - [GEN] HTTP 400: <?xml version="1.0" encoding="UTF-8"?>
<Acknowledgement_MarketDocument
	xmlns="urn:iec62325.351:tc57wg16:451-1:acknowledgementdocument:7:0">
	<mRID>51a9c265-7247-4</mRID>
	<createdDateTime>2025-06-20T10:42:24Z</createdDateTime>

	<sender_MarketParticipant.mRID codingScheme="A01">10X1001A1001A450</se
2025-06-20 12:42:28,092 - INFO - Stored SE2 2025-06-20
2025-06-20 12:42:28,092 - INFO - Start processing SE3
2025-06-20 12:42:28,092 - INFO - SE3: 202506010000 \u2192 202506020000
2025-06-20 12:42:28,394 - INFO - Stored SE3 2025-06-01
2025-06-20 12:42:28,394 - INFO - SE3: 202506020000 \u2192 202506030000
2025-06-20 12:42:28,715 - INFO - Stored SE3 2025-06-02
2025-06-20 12:42:28,715 - INFO - SE3: 202506030000 \u2192 202506040000
2025-06-20 12:42:28,996 - INFO - Stored SE3 2025-06-03
2025-06-20 12:42:28,996 - INFO - SE3: 202506040000 \u2192 202506050000
2025-06-20 12:42:29,279 - INFO - Stored SE3 2025-06-04
2025-06-20 12:42:29,279 - INFO - SE3: 202506050000 \u2192 202506060000
2025-06-20 12:42:29,575 - INFO - Stored SE3 2025-06-05
2025-06-20 12:42:29,576 - INFO - SE3: 202506060000 \u2192 202506070000
2025-06-20 12:42:29,858 - INFO - Stored SE3 2025-06-06
2025-06-20 12:42:29,859 - INFO - SE3: 202506070000 \u2192 202506080000
2025-06-20 12:42:30,161 - INFO - Stored SE3 2025-06-07
2025-06-20 12:42:30,161 - INFO - SE3: 202506080000 \u2192 202506090000
2025-06-20 12:42:30,447 - INFO - Stored SE3 2025-06-08
2025-06-20 12:42:30,447 - INFO - SE3: 202506090000 \u2192 202506100000
2025-06-20 12:42:30,778 - INFO - Stored SE3 2025-06-09
2025-06-20 12:42:30,778 - INFO - SE3: 202506100000 \u2192 202506110000
2025-06-20 12:42:31,063 - INFO - Stored SE3 2025-06-10
2025-06-20 12:42:31,063 - INFO - SE3: 202506110000 \u2192 202506120000
2025-06-20 12:42:31,355 - INFO - Stored SE3 2025-06-11
2025-06-20 12:42:31,355 - INFO - SE3: 202506120000 \u2192 202506130000
2025-06-20 12:42:31,658 - INFO - Stored SE3 2025-06-12
2025-06-20 12:42:31,658 - INFO - SE3: 202506130000 \u2192 202506140000
2025-06-20 12:42:31,968 - INFO - Stored SE3 2025-06-13
2025-06-20 12:42:31,968 - INFO - SE3: 202506140000 \u2192 202506150000
2025-06-20 12:42:32,249 - INFO - Stored SE3 2025-06-14
2025-06-20 12:42:32,249 - INFO - SE3: 202506150000 \u2192 202506160000
2025-06-20 12:42:32,549 - INFO - Stored SE3 2025-06-15
2025-06-20 12:42:32,549 - INFO - SE3: 202506160000 \u2192 202506170000
2025-06-20 12:42:32,835 - INFO - Stored SE3 2025-06-16
2025-06-20 12:42:32,835 - INFO - SE3: 202506170000 \u2192 202506180000
2025-06-20 12:42:33,123 - INFO - Stored SE3 2025-06-17
2025-06-20 12:42:33,124 - INFO - SE3: 202506180000 \u2192 202506190000
2025-06-20 12:42:33,405 - INFO - Stored SE3 2025-06-18
2025-06-20 12:42:33,405 - INFO - SE3: 202506190000 \u2192 202506200000
2025-06-20 12:42:33,747 - INFO - Stored SE3 2025-06-19
2025-06-20 12:42:33,747 - INFO - SE3: 202506200000 \u2192 202506201039
2025-06-20 12:42:33,849 - WARNING - [GEN] HTTP 400: <?xml version="1.0" encoding="UTF-8"?>
<Acknowledgement_MarketDocument
	xmlns="urn:iec62325.351:tc57wg16:451-1:acknowledgementdocument:7:0">
	<mRID>3ee7da60-d035-4</mRID>
	<createdDateTime>2025-06-20T10:42:30Z</createdDateTime>

	<sender_MarketParticipant.mRID codingScheme="A01">10X1001A1001A450</se
2025-06-20 12:42:34,014 - INFO - Stored SE3 2025-06-20
2025-06-20 12:42:34,014 - INFO - Start processing SE4
2025-06-20 12:42:34,014 - INFO - SE4: 202506010000 \u2192 202506020000
2025-06-20 12:42:34,301 - INFO - Stored SE4 2025-06-01
2025-06-20 12:42:34,301 - INFO - SE4: 202506020000 \u2192 202506030000
2025-06-20 12:42:34,610 - INFO - Stored SE4 2025-06-02
2025-06-20 12:42:34,610 - INFO - SE4: 202506030000 \u2192 202506040000
2025-06-20 12:42:34,908 - INFO - Stored SE4 2025-06-03
2025-06-20 12:42:34,908 - INFO - SE4: 202506040000 \u2192 202506050000
2025-06-20 12:42:35,189 - INFO - Stored SE4 2025-06-04
2025-06-20 12:42:35,189 - INFO - SE4: 202506050000 \u2192 202506060000
2025-06-20 12:42:35,474 - INFO - Stored SE4 2025-06-05
2025-06-20 12:42:35,475 - INFO - SE4: 202506060000 \u2192 202506070000
2025-06-20 12:42:35,759 - INFO - Stored SE4 2025-06-06
2025-06-20 12:42:35,760 - INFO - SE4: 202506070000 \u2192 202506080000
2025-06-20 12:42:36,045 - INFO - Stored SE4 2025-06-07
2025-06-20 12:42:36,045 - INFO - SE4: 202506080000 \u2192 202506090000
2025-06-20 12:42:36,502 - INFO - Stored SE4 2025-06-08
2025-06-20 12:42:36,502 - INFO - SE4: 202506090000 \u2192 202506100000
2025-06-20 12:42:36,826 - INFO - Stored SE4 2025-06-09
2025-06-20 12:42:36,827 - INFO - SE4: 202506100000 \u2192 202506110000
2025-06-20 12:42:37,124 - INFO - Stored SE4 2025-06-10
2025-06-20 12:42:37,125 - INFO - SE4: 202506110000 \u2192 202506120000
2025-06-20 12:42:37,431 - INFO - Stored SE4 2025-06-11
2025-06-20 12:42:37,431 - INFO - SE4: 202506120000 \u2192 202506130000
2025-06-20 12:42:37,721 - INFO - Stored SE4 2025-06-12
2025-06-20 12:42:37,721 - INFO - SE4: 202506130000 \u2192 202506140000
2025-06-20 12:42:38,007 - INFO - Stored SE4 2025-06-13
2025-06-20 12:42:38,007 - INFO - SE4: 202506140000 \u2192 202506150000
2025-06-20 12:42:38,291 - INFO - Stored SE4 2025-06-14
2025-06-20 12:42:38,291 - INFO - SE4: 202506150000 \u2192 202506160000
2025-06-20 12:42:38,598 - INFO - Stored SE4 2025-06-15
2025-06-20 12:42:38,599 - INFO - SE4: 202506160000 \u2192 202506170000
2025-06-20 12:42:38,904 - INFO - Stored SE4 2025-06-16
2025-06-20 12:42:38,904 - INFO - SE4: 202506170000 \u2192 202506180000
2025-06-20 12:42:39,191 - INFO - Stored SE4 2025-06-17
2025-06-20 12:42:39,192 - INFO - SE4: 202506180000 \u2192 202506190000
2025-06-20 12:42:39,482 - INFO - Stored SE4 2025-06-18
2025-06-20 12:42:39,482 - INFO - SE4: 202506190000 \u2192 202506200000
2025-06-20 12:42:39,774 - INFO - Stored SE4 2025-06-19
2025-06-20 12:42:39,775 - INFO - SE4: 202506200000 \u2192 202506201039
2025-06-20 12:42:39,883 - WARNING - [GEN] HTTP 400: <?xml version="1.0" encoding="UTF-8"?>
<Acknowledgement_MarketDocument
	xmlns="urn:iec62325.351:tc57wg16:451-1:acknowledgementdocument:7:0">
	<mRID>93879a4b-1748-4</mRID>
	<createdDateTime>2025-06-20T10:42:36Z</createdDateTime>

	<sender_MarketParticipant.mRID codingScheme="A01">10X1001A1001A450</se
2025-06-20 12:42:40,043 - INFO - Stored SE4 2025-06-20
2025-06-20 12:42:40,044 - INFO - Start processing SI
2025-06-20 12:42:40,044 - INFO - SI: 202506010000 \u2192 202506020000
2025-06-20 12:42:40,335 - INFO - Stored SI 2025-06-01
2025-06-20 12:42:40,335 - INFO - SI: 202506020000 \u2192 202506030000
2025-06-20 12:42:40,636 - INFO - Stored SI 2025-06-02
2025-06-20 12:42:40,636 - INFO - SI: 202506030000 \u2192 202506040000
2025-06-20 12:42:41,068 - INFO - Stored SI 2025-06-03
2025-06-20 12:42:41,068 - INFO - SI: 202506040000 \u2192 202506050000
2025-06-20 12:42:41,361 - INFO - Stored SI 2025-06-04
2025-06-20 12:42:41,361 - INFO - SI: 202506050000 \u2192 202506060000
2025-06-20 12:42:41,664 - INFO - Stored SI 2025-06-05
2025-06-20 12:42:41,664 - INFO - SI: 202506060000 \u2192 202506070000
2025-06-20 12:42:41,965 - INFO - Stored SI 2025-06-06
2025-06-20 12:42:41,965 - INFO - SI: 202506070000 \u2192 202506080000
2025-06-20 12:42:42,286 - INFO - Stored SI 2025-06-07
2025-06-20 12:42:42,286 - INFO - SI: 202506080000 \u2192 202506090000
2025-06-20 12:42:42,589 - INFO - Stored SI 2025-06-08
2025-06-20 12:42:42,589 - INFO - SI: 202506090000 \u2192 202506100000
2025-06-20 12:42:42,877 - INFO - Stored SI 2025-06-09
2025-06-20 12:42:42,877 - INFO - SI: 202506100000 \u2192 202506110000
2025-06-20 12:42:43,194 - INFO - Stored SI 2025-06-10
2025-06-20 12:42:43,194 - INFO - SI: 202506110000 \u2192 202506120000
2025-06-20 12:42:43,523 - INFO - Stored SI 2025-06-11
2025-06-20 12:42:43,524 - INFO - SI: 202506120000 \u2192 202506130000
2025-06-20 12:42:43,833 - INFO - Stored SI 2025-06-12
2025-06-20 12:42:43,833 - INFO - SI: 202506130000 \u2192 202506140000
2025-06-20 12:42:44,119 - INFO - Stored SI 2025-06-13
2025-06-20 12:42:44,119 - INFO - SI: 202506140000 \u2192 202506150000
2025-06-20 12:42:44,402 - INFO - Stored SI 2025-06-14
2025-06-20 12:42:44,402 - INFO - SI: 202506150000 \u2192 202506160000
2025-06-20 12:42:44,697 - INFO - Stored SI 2025-06-15
2025-06-20 12:42:44,698 - INFO - SI: 202506160000 \u2192 202506170000
2025-06-20 12:42:45,015 - INFO - Stored SI 2025-06-16
2025-06-20 12:42:45,016 - INFO - SI: 202506170000 \u2192 202506180000
2025-06-20 12:42:45,385 - INFO - Stored SI 2025-06-17
2025-06-20 12:42:45,385 - INFO - SI: 202506180000 \u2192 202506190000
2025-06-20 12:42:45,798 - INFO - Stored SI 2025-06-18
2025-06-20 12:42:45,798 - INFO - SI: 202506190000 \u2192 202506200000
2025-06-20 12:42:46,103 - INFO - Stored SI 2025-06-19
2025-06-20 12:42:46,103 - INFO - SI: 202506200000 \u2192 202506201039
2025-06-20 12:42:46,211 - WARNING - [GEN] HTTP 400: <?xml version="1.0" encoding="UTF-8"?>
<Acknowledgement_MarketDocument
	xmlns="urn:iec62325.351:tc57wg16:451-1:acknowledgementdocument:7:0">
	<mRID>6a044372-54ca-4</mRID>
	<createdDateTime>2025-06-20T10:42:42Z</createdDateTime>

	<sender_MarketParticipant.mRID codingScheme="A01">10X1001A1001A450</se
2025-06-20 12:42:46,379 - INFO - Stored SI 2025-06-20
2025-06-20 12:42:46,379 - INFO - Start processing SK
2025-06-20 12:42:46,379 - INFO - SK: 202506010000 \u2192 202506020000
2025-06-20 12:42:46,674 - INFO - Stored SK 2025-06-01
2025-06-20 12:42:46,674 - INFO - SK: 202506020000 \u2192 202506030000
2025-06-20 12:42:46,971 - INFO - Stored SK 2025-06-02
2025-06-20 12:42:46,971 - INFO - SK: 202506030000 \u2192 202506040000
2025-06-20 12:42:47,271 - INFO - Stored SK 2025-06-03
2025-06-20 12:42:47,271 - INFO - SK: 202506040000 \u2192 202506050000
2025-06-20 12:42:47,573 - INFO - Stored SK 2025-06-04
2025-06-20 12:42:47,573 - INFO - SK: 202506050000 \u2192 202506060000
2025-06-20 12:42:47,870 - INFO - Stored SK 2025-06-05
2025-06-20 12:42:47,871 - INFO - SK: 202506060000 \u2192 202506070000
2025-06-20 12:42:48,170 - INFO - Stored SK 2025-06-06
2025-06-20 12:42:48,170 - INFO - SK: 202506070000 \u2192 202506080000
2025-06-20 12:42:48,505 - INFO - Stored SK 2025-06-07
2025-06-20 12:42:48,505 - INFO - SK: 202506080000 \u2192 202506090000
2025-06-20 12:42:48,804 - INFO - Stored SK 2025-06-08
2025-06-20 12:42:48,804 - INFO - SK: 202506090000 \u2192 202506100000
2025-06-20 12:42:49,085 - INFO - Stored SK 2025-06-09
2025-06-20 12:42:49,085 - INFO - SK: 202506100000 \u2192 202506110000
2025-06-20 12:42:49,392 - INFO - Stored SK 2025-06-10
2025-06-20 12:42:49,392 - INFO - SK: 202506110000 \u2192 202506120000
2025-06-20 12:42:49,702 - INFO - Stored SK 2025-06-11
2025-06-20 12:42:49,702 - INFO - SK: 202506120000 \u2192 202506130000
2025-06-20 12:42:50,011 - INFO - Stored SK 2025-06-12
2025-06-20 12:42:50,012 - INFO - SK: 202506130000 \u2192 202506140000
2025-06-20 12:42:50,313 - INFO - Stored SK 2025-06-13
2025-06-20 12:42:50,314 - INFO - SK: 202506140000 \u2192 202506150000
2025-06-20 12:42:50,616 - INFO - Stored SK 2025-06-14
2025-06-20 12:42:50,616 - INFO - SK: 202506150000 \u2192 202506160000
2025-06-20 12:42:50,914 - INFO - Stored SK 2025-06-15
2025-06-20 12:42:50,914 - INFO - SK: 202506160000 \u2192 202506170000
2025-06-20 12:42:51,228 - INFO - Stored SK 2025-06-16
2025-06-20 12:42:51,229 - INFO - SK: 202506170000 \u2192 202506180000
2025-06-20 12:42:51,525 - INFO - Stored SK 2025-06-17
2025-06-20 12:42:51,525 - INFO - SK: 202506180000 \u2192 202506190000
2025-06-20 12:42:51,816 - INFO - Stored SK 2025-06-18
2025-06-20 12:42:51,817 - INFO - SK: 202506190000 \u2192 202506200000
2025-06-20 12:42:52,110 - INFO - Stored SK 2025-06-19
2025-06-20 12:42:52,110 - INFO - SK: 202506200000 \u2192 202506201039
2025-06-20 12:42:52,212 - WARNING - [GEN] HTTP 400: <?xml version="1.0" encoding="UTF-8"?>
<Acknowledgement_MarketDocument
	xmlns="urn:iec62325.351:tc57wg16:451-1:acknowledgementdocument:7:0">
	<mRID>c9f67867-3237-4</mRID>
	<createdDateTime>2025-06-20T10:42:48Z</createdDateTime>

	<sender_MarketParticipant.mRID codingScheme="A01">10X1001A1001A450</se
2025-06-20 12:42:52,375 - INFO - Stored SK 2025-06-20
