2025-06-20 12:31:59,059 - INFO - Start processing AT
2025-06-20 12:31:59,066 - INFO - AT: 202506010000 \u2192 202506020000
2025-06-20 12:31:59,534 - INFO - AT: Inserted 285 records
2025-06-20 12:31:59,534 - INFO - AT: 202506020000 \u2192 202506030000
2025-06-20 12:31:59,957 - INFO - AT: Inserted 287 records
2025-06-20 12:31:59,958 - INFO - AT: 202506030000 \u2192 202506040000
2025-06-20 12:32:00,446 - INFO - AT: Inserted 286 records
2025-06-20 12:32:00,446 - INFO - AT: 202506040000 \u2192 202506050000
2025-06-20 12:32:00,985 - INFO - AT: Inserted 286 records
2025-06-20 12:32:00,985 - INFO - AT: 202506050000 \u2192 202506060000
2025-06-20 12:32:01,556 - INFO - AT: Inserted 284 records
2025-06-20 12:32:01,556 - INFO - AT: 202506060000 \u2192 202506070000
2025-06-20 12:32:02,213 - INFO - AT: Inserted 280 records
2025-06-20 12:32:02,213 - INFO - AT: 202506070000 \u2192 202506080000
2025-06-20 12:32:02,891 - INFO - AT: Inserted 281 records
2025-06-20 12:32:02,891 - INFO - AT: 202506080000 \u2192 202506090000
2025-06-20 12:32:03,625 - INFO - AT: Inserted 278 records
2025-06-20 12:32:03,625 - INFO - AT: 202506090000 \u2192 202506100000
2025-06-20 12:32:04,399 - INFO - AT: Inserted 279 records
2025-06-20 12:32:04,400 - INFO - AT: 202506100000 \u2192 202506110000
2025-06-20 12:32:05,222 - INFO - AT: Inserted 283 records
2025-06-20 12:32:05,222 - INFO - AT: 202506110000 \u2192 202506120000
2025-06-20 12:32:06,022 - INFO - AT: Inserted 282 records
2025-06-20 12:32:06,022 - INFO - AT: 202506120000 \u2192 202506130000
2025-06-20 12:32:06,917 - INFO - AT: Inserted 286 records
2025-06-20 12:32:06,917 - INFO - AT: 202506130000 \u2192 202506140000
2025-06-20 12:32:08,011 - INFO - AT: Inserted 288 records
2025-06-20 12:32:08,011 - INFO - AT: 202506140000 \u2192 202506150000
2025-06-20 12:32:09,253 - INFO - AT: Inserted 287 records
2025-06-20 12:32:09,253 - INFO - AT: 202506150000 \u2192 202506160000
2025-06-20 12:32:10,396 - INFO - AT: Inserted 286 records
2025-06-20 12:32:10,396 - INFO - AT: 202506160000 \u2192 202506170000
2025-06-20 12:32:11,567 - INFO - AT: Inserted 282 records
2025-06-20 12:32:11,568 - INFO - AT: 202506170000 \u2192 202506180000
2025-06-20 12:32:12,722 - INFO - AT: Inserted 282 records
2025-06-20 12:32:12,722 - INFO - AT: 202506180000 \u2192 202506190000
2025-06-20 12:32:13,970 - INFO - AT: Inserted 278 records
2025-06-20 12:32:13,970 - INFO - AT: 202506190000 \u2192 202506200000
2025-06-20 12:32:15,239 - INFO - AT: Inserted 276 records
2025-06-20 12:32:15,239 - INFO - AT: 202506200000 \u2192 202506201031
2025-06-20 12:32:15,378 - WARNING - [GEN] HTTP 400: <?xml version="1.0" encoding="UTF-8"?>
<Acknowledgement_MarketDocument
	xmlns="urn:iec62325.351:tc57wg16:451-1:acknowledgementdocument:7:0">
	<mRID>8f94959b-0587-4</mRID>
	<createdDateTime>2025-06-20T10:32:11Z</createdDateTime>

	<sender_MarketParticipant.mRID codingScheme="A01">10X1001A1001A450</se
2025-06-20 12:32:15,815 - INFO - AT: Inserted 93 records
