2025-06-20 12:28:42,686 - INFO - Start processing AT
2025-06-20 12:28:42,735 - INFO - AT: 202506010000 \u2192 202506020000
2025-06-20 12:28:43,193 - INFO - AT: Inserted 285 records
2025-06-20 12:28:43,193 - INFO - AT: 202506020000 \u2192 202506030000
2025-06-20 12:28:43,606 - INFO - AT: Inserted 287 records
2025-06-20 12:28:43,606 - INFO - AT: 202506030000 \u2192 202506040000
2025-06-20 12:28:44,078 - INFO - AT: Inserted 286 records
2025-06-20 12:28:44,078 - INFO - AT: 202506040000 \u2192 202506050000
2025-06-20 12:28:44,612 - INFO - AT: Inserted 286 records
2025-06-20 12:28:44,612 - INFO - AT: 202506050000 \u2192 202506060000
2025-06-20 12:28:45,200 - INFO - AT: Inserted 284 records
2025-06-20 12:28:45,200 - INFO - AT: 202506060000 \u2192 202506070000
2025-06-20 12:28:45,827 - INFO - AT: Inserted 280 records
2025-06-20 12:28:45,828 - INFO - AT: 202506070000 \u2192 202506080000
2025-06-20 12:28:46,483 - INFO - AT: Inserted 281 records
2025-06-20 12:28:46,483 - INFO - AT: 202506080000 \u2192 202506090000
2025-06-20 12:28:47,214 - INFO - AT: Inserted 278 records
2025-06-20 12:28:47,214 - INFO - AT: 202506090000 \u2192 202506100000
2025-06-20 12:28:48,142 - INFO - AT: Inserted 279 records
2025-06-20 12:28:48,142 - INFO - AT: 202506100000 \u2192 202506110000
2025-06-20 12:28:48,993 - INFO - AT: Inserted 283 records
2025-06-20 12:28:48,994 - INFO - AT: 202506110000 \u2192 202506120000
2025-06-20 12:28:49,851 - INFO - AT: Inserted 282 records
2025-06-20 12:28:49,851 - INFO - AT: 202506120000 \u2192 202506130000
2025-06-20 12:28:50,809 - INFO - AT: Inserted 286 records
2025-06-20 12:28:50,810 - INFO - AT: 202506130000 \u2192 202506140000
2025-06-20 12:28:51,852 - INFO - AT: Inserted 288 records
2025-06-20 12:28:51,852 - INFO - AT: 202506140000 \u2192 202506150000
2025-06-20 12:28:52,826 - INFO - AT: Inserted 287 records
2025-06-20 12:28:52,826 - INFO - AT: 202506150000 \u2192 202506160000
2025-06-20 12:28:53,986 - INFO - AT: Inserted 286 records
2025-06-20 12:28:53,987 - INFO - AT: 202506160000 \u2192 202506170000
2025-06-20 12:28:55,096 - INFO - AT: Inserted 282 records
2025-06-20 12:28:55,096 - INFO - AT: 202506170000 \u2192 202506180000
2025-06-20 12:28:56,339 - INFO - AT: Inserted 282 records
2025-06-20 12:28:56,339 - INFO - AT: 202506180000 \u2192 202506190000
2025-06-20 12:28:57,539 - INFO - AT: Inserted 278 records
2025-06-20 12:28:57,540 - INFO - AT: 202506190000 \u2192 202506200000
2025-06-20 12:28:58,710 - INFO - AT: Inserted 276 records
2025-06-20 12:28:58,710 - INFO - AT: 202506200000 \u2192 202506201028
2025-06-20 12:28:58,814 - WARNING - [GEN] HTTP 400: <?xml version="1.0" encoding="UTF-8"?>
<Acknowledgement_MarketDocument
	xmlns="urn:iec62325.351:tc57wg16:451-1:acknowledgementdocument:7:0">
	<mRID>947acad1-6fd6-4</mRID>
	<createdDateTime>2025-06-20T10:28:55Z</createdDateTime>

	<sender_MarketParticipant.mRID codingScheme="A01">10X1001A1001A450</se
2025-06-20 12:28:59,251 - INFO - AT: Inserted 93 records
